-------------------------------------------------------------------------------
Test set: com.dms.runner.TestRunner
-------------------------------------------------------------------------------
Tests run: 7, Failures: 7, Errors: 0, Skipped: 0, Time elapsed: 3.939 s <<< FAILURE! - in com.dms.runner.TestRunner
runScenario(com.dms.runner.TestRunner)  Time elapsed: 0.223 s  <<< FAILURE!
io.cucumber.testng.UndefinedStepException: 
The step 'Verify Prefilled fields for OrderId from scenario 1 on Financial Info tab' is undefined.
You can implement this step using the snippet(s) below:

@Then("Verify Prefilled fields for OrderId from scenario {int} on Financial Info tab")
public void verify_prefilled_fields_for_order_id_from_scenario_on_financial_info_tab(Integer int1) {
    // Write code here that turns the phrase above into concrete actions
    throw new io.cucumber.java.PendingException();
}


runScenario(com.dms.runner.TestRunner)  Time elapsed: 0.055 s  <<< FAILURE!
io.cucumber.testng.UndefinedStepException: 
The step 'User selects payment type as "Cash"' and 5 other step(s) are undefined.
You can implement these steps using the snippet(s) below:

@When("User selects payment type as {string}")
public void user_selects_payment_type_as(String string) {
    // Write code here that turns the phrase above into concrete actions
    throw new io.cucumber.java.PendingException();
}
@Then("verify the fields Financier, Finance Amount, Branch and Finance Details are disabled")
public void verify_the_fields_financier_finance_amount_branch_and_finance_details_are_disabled() {
    // Write code here that turns the phrase above into concrete actions
    throw new io.cucumber.java.PendingException();
}
@Then("verify the fields Financier, Finance Amount,Branch and Finance Details are enabled")
public void verify_the_fields_financier_finance_amount_branch_and_finance_details_are_enabled() {
    // Write code here that turns the phrase above into concrete actions
    throw new io.cucumber.java.PendingException();
}
@Then("verify the fields Financier, Finance Amount, Branch are enabled and Finance Details is disabled")
public void verify_the_fields_financier_finance_amount_branch_are_enabled_and_finance_details_is_disabled() {
    // Write code here that turns the phrase above into concrete actions
    throw new io.cucumber.java.PendingException();
}


runScenario(com.dms.runner.TestRunner)  Time elapsed: 0.044 s  <<< FAILURE!
io.cucumber.testng.UndefinedStepException: 
The step 'User selects payment type for scenario 1' and 3 other step(s) are undefined.
You can implement these steps using the snippet(s) below:

@When("User selects payment type for scenario {int}")
public void user_selects_payment_type_for_scenario(Integer int1) {
    // Write code here that turns the phrase above into concrete actions
    throw new io.cucumber.java.PendingException();
}
@When("User selects tax rate for scenario {int}")
public void user_selects_tax_rate_for_scenario(Integer int1) {
    // Write code here that turns the phrase above into concrete actions
    throw new io.cucumber.java.PendingException();
}
@When("User selects TDS Amount for scenario {int}")
public void user_selects_tds_amount_for_scenario(Integer int1) {
    // Write code here that turns the phrase above into concrete actions
    throw new io.cucumber.java.PendingException();
}
@When("User selects TCS Flag as {string}")
public void user_selects_tcs_flag_as(String string) {
    // Write code here that turns the phrase above into concrete actions
    throw new io.cucumber.java.PendingException();
}


runScenario(com.dms.runner.TestRunner)  Time elapsed: 0.043 s  <<< FAILURE!
io.cucumber.testng.UndefinedStepException: 
The step 'User selects the MSGA finance flag' and 2 other step(s) are undefined.
You can implement these steps using the snippet(s) below:

@When("User selects the MSGA finance flag")
public void user_selects_the_msga_finance_flag() {
    // Write code here that turns the phrase above into concrete actions
    throw new io.cucumber.java.PendingException();
}
@When("Verify the field MSGA Financier Name dropdown is displayed and select value for scenario {int}")
public void verify_the_field_msga_financier_name_dropdown_is_displayed_and_select_value_for_scenario(Integer int1) {
    // Write code here that turns the phrase above into concrete actions
    throw new io.cucumber.java.PendingException();
}
@Then("Verify the field MSGA Finance Value field is not empty")
public void verify_the_field_msga_finance_value_field_is_not_empty() {
    // Write code here that turns the phrase above into concrete actions
    throw new io.cucumber.java.PendingException();
}


runScenario(com.dms.runner.TestRunner)  Time elapsed: 0.05 s  <<< FAILURE!
io.cucumber.testng.UndefinedStepException: 
The step 'User selects Financier as "<financier>"' and 9 other step(s) are undefined.
You can implement these steps using the snippet(s) below:

@When("User selects Financier as {string}")
public void user_selects_financier_as(String string) {
    // Write code here that turns the phrase above into concrete actions
    throw new io.cucumber.java.PendingException();
}
@When("User enters Financier as {string}")
public void user_enters_financier_as(String string) {
    // Write code here that turns the phrase above into concrete actions
    throw new io.cucumber.java.PendingException();
}
@When("User selects Finance Amount as {string}")
public void user_selects_finance_amount_as(String string) {
    // Write code here that turns the phrase above into concrete actions
    throw new io.cucumber.java.PendingException();
}
@When("User selects tax rate as {string}")
public void user_selects_tax_rate_as(String string) {
    // Write code here that turns the phrase above into concrete actions
    throw new io.cucumber.java.PendingException();
}
@When("User selects TDS Amount as {string}")
public void user_selects_tds_amount_as(String string) {
    // Write code here that turns the phrase above into concrete actions
    throw new io.cucumber.java.PendingException();
}
@When("User selects TCS Flag as {string}")
public void user_selects_tcs_flag_as(String string) {
    // Write code here that turns the phrase above into concrete actions
    throw new io.cucumber.java.PendingException();
}
@When("User clicks on Financial Details")
public void user_clicks_on_financial_details() {
    // Write code here that turns the phrase above into concrete actions
    throw new io.cucumber.java.PendingException();
}
@When("User selects Loan Type as {string}")
public void user_selects_loan_type_as(String string) {
    // Write code here that turns the phrase above into concrete actions
    throw new io.cucumber.java.PendingException();
}
@When("User selects Loan Status as {string}")
public void user_selects_loan_status_as(String string) {
    // Write code here that turns the phrase above into concrete actions
    throw new io.cucumber.java.PendingException();
}
@When("User selects Loan Application Date as {string}")
public void user_selects_loan_application_date_as(String string) {
    // Write code here that turns the phrase above into concrete actions
    throw new io.cucumber.java.PendingException();
}


runScenario(com.dms.runner.TestRunner)  Time elapsed: 0.032 s  <<< FAILURE!
io.cucumber.testng.UndefinedStepException: 
The step 'User selects Payment Type as "<paymentType>"' and 5 other step(s) are undefined.
You can implement these steps using the snippet(s) below:

@When("User selects Payment Type as {string}")
public void user_selects_payment_type_as(String string) {
    // Write code here that turns the phrase above into concrete actions
    throw new io.cucumber.java.PendingException();
}
@When("User enters Financier as {string}")
public void user_enters_financier_as(String string) {
    // Write code here that turns the phrase above into concrete actions
    throw new io.cucumber.java.PendingException();
}
@When("User selects Finance Amount as {string}")
public void user_selects_finance_amount_as(String string) {
    // Write code here that turns the phrase above into concrete actions
    throw new io.cucumber.java.PendingException();
}
@When("User selects tax rate as {string}")
public void user_selects_tax_rate_as(String string) {
    // Write code here that turns the phrase above into concrete actions
    throw new io.cucumber.java.PendingException();
}
@When("User selects TDS Amount as {string}")
public void user_selects_tds_amount_as(String string) {
    // Write code here that turns the phrase above into concrete actions
    throw new io.cucumber.java.PendingException();
}
@When("User selects TCS Flag as {string}")
public void user_selects_tcs_flag_as(String string) {
    // Write code here that turns the phrase above into concrete actions
    throw new io.cucumber.java.PendingException();
}


runScenario(com.dms.runner.TestRunner)  Time elapsed: 0.048 s  <<< FAILURE!
io.cucumber.testng.UndefinedStepException: 
The step 'User selects Payment Type as "<paymentType>"' and 10 other step(s) are undefined.
You can implement these steps using the snippet(s) below:

@When("User selects Payment Type as {string}")
public void user_selects_payment_type_as(String string) {
    // Write code here that turns the phrase above into concrete actions
    throw new io.cucumber.java.PendingException();
}
@When("User enters Financier as {string}")
public void user_enters_financier_as(String string) {
    // Write code here that turns the phrase above into concrete actions
    throw new io.cucumber.java.PendingException();
}
@When("User selects Finance Amount as {string}")
public void user_selects_finance_amount_as(String string) {
    // Write code here that turns the phrase above into concrete actions
    throw new io.cucumber.java.PendingException();
}
@When("User selects tax rate as {string}")
public void user_selects_tax_rate_as(String string) {
    // Write code here that turns the phrase above into concrete actions
    throw new io.cucumber.java.PendingException();
}
@When("User selects TDS Amount as {string}")
public void user_selects_tds_amount_as(String string) {
    // Write code here that turns the phrase above into concrete actions
    throw new io.cucumber.java.PendingException();
}
@When("User selects TCS Flag as {string}")
public void user_selects_tcs_flag_as(String string) {
    // Write code here that turns the phrase above into concrete actions
    throw new io.cucumber.java.PendingException();
}
@When("User clicks on Financial Details")
public void user_clicks_on_financial_details() {
    // Write code here that turns the phrase above into concrete actions
    throw new io.cucumber.java.PendingException();
}
@When("User selects Loan Type as {string}")
public void user_selects_loan_type_as(String string) {
    // Write code here that turns the phrase above into concrete actions
    throw new io.cucumber.java.PendingException();
}
@When("User selects Loan Status as {string}")
public void user_selects_loan_status_as(String string) {
    // Write code here that turns the phrase above into concrete actions
    throw new io.cucumber.java.PendingException();
}
@When("User selects Loan Application Date as {string}")
public void user_selects_loan_application_date_as(String string) {
    // Write code here that turns the phrase above into concrete actions
    throw new io.cucumber.java.PendingException();
}
@Then("Verify the Financial Details fields are cleared out")
public void verify_the_financial_details_fields_are_cleared_out() {
    // Write code here that turns the phrase above into concrete actions
    throw new io.cucumber.java.PendingException();
}


