<?xml version="1.0" encoding="UTF-8"?>
<testsuite xmlns:xsi="http://www.w3.org/2001/XMLSchema-instance" xsi:noNamespaceSchemaLocation="https://maven.apache.org/surefire/maven-surefire-plugin/xsd/surefire-test-report.xsd" name="com.dms.runner.TestRunner" time="3.939" tests="7" errors="0" skipped="0" failures="7">
  <properties>
[...]
</properties>
  <testcase name="runScenario" classname="com.dms.runner.TestRunner" time="0.223">
    <failure message="The step &apos;Verify Prefilled fields for OrderId from scenario 1 on Financial Info tab&apos; is undefined.&#10;You can implement this step using the snippet(s) below:&#10;&#10;@Then(&quot;Verify Prefilled fields for OrderId from scenario {int} on Financial Info tab&quot;)&#10;public void verify_prefilled_fields_for_order_id_from_scenario_on_financial_info_tab(Integer int1) {&#10;    // Write code here that turns the phrase above into concrete actions&#10;    throw new io.cucumber.java.PendingException();&#10;}&#10;" type="io.cucumber.testng.UndefinedStepException">io.cucumber.testng.UndefinedStepException: 
The step 'Verify Prefilled fields for OrderId from scenario 1 on Financial Info tab' is undefined.
You can implement this step using the snippet(s) below:

@Then("Verify Prefilled fields for OrderId from scenario {int} on Financial Info tab")
public void verify_prefilled_fields_for_order_id_from_scenario_on_financial_info_tab(Integer int1) {
    // Write code here that turns the phrase above into concrete actions
    throw new io.cucumber.java.PendingException();
}

</failure>
  </testcase>
  <testcase name="runScenario" classname="com.dms.runner.TestRunner" time="0.055">
    <failure message="The step &apos;User selects payment type as &quot;Cash&quot;&apos; and 5 other step(s) are undefined.&#10;You can implement these steps using the snippet(s) below:&#10;&#10;@When(&quot;User selects payment type as {string}&quot;)&#10;public void user_selects_payment_type_as(String string) {&#10;    // Write code here that turns the phrase above into concrete actions&#10;    throw new io.cucumber.java.PendingException();&#10;}&#10;@Then(&quot;verify the fields Financier, Finance Amount, Branch and Finance Details are disabled&quot;)&#10;public void verify_the_fields_financier_finance_amount_branch_and_finance_details_are_disabled() {&#10;    // Write code here that turns the phrase above into concrete actions&#10;    throw new io.cucumber.java.PendingException();&#10;}&#10;@Then(&quot;verify the fields Financier, Finance Amount,Branch and Finance Details are enabled&quot;)&#10;public void verify_the_fields_financier_finance_amount_branch_and_finance_details_are_enabled() {&#10;    // Write code here that turns the phrase above into concrete actions&#10;    throw new io.cucumber.java.PendingException();&#10;}&#10;@Then(&quot;verify the fields Financier, Finance Amount, Branch are enabled and Finance Details is disabled&quot;)&#10;public void verify_the_fields_financier_finance_amount_branch_are_enabled_and_finance_details_is_disabled() {&#10;    // Write code here that turns the phrase above into concrete actions&#10;    throw new io.cucumber.java.PendingException();&#10;}&#10;" type="io.cucumber.testng.UndefinedStepException">io.cucumber.testng.UndefinedStepException: 
The step 'User selects payment type as "Cash"' and 5 other step(s) are undefined.
You can implement these steps using the snippet(s) below:

@When("User selects payment type as {string}")
public void user_selects_payment_type_as(String string) {
    // Write code here that turns the phrase above into concrete actions
    throw new io.cucumber.java.PendingException();
}
@Then("verify the fields Financier, Finance Amount, Branch and Finance Details are disabled")
public void verify_the_fields_financier_finance_amount_branch_and_finance_details_are_disabled() {
    // Write code here that turns the phrase above into concrete actions
    throw new io.cucumber.java.PendingException();
}
@Then("verify the fields Financier, Finance Amount,Branch and Finance Details are enabled")
public void verify_the_fields_financier_finance_amount_branch_and_finance_details_are_enabled() {
    // Write code here that turns the phrase above into concrete actions
    throw new io.cucumber.java.PendingException();
}
@Then("verify the fields Financier, Finance Amount, Branch are enabled and Finance Details is disabled")
public void verify_the_fields_financier_finance_amount_branch_are_enabled_and_finance_details_is_disabled() {
    // Write code here that turns the phrase above into concrete actions
    throw new io.cucumber.java.PendingException();
}

</failure>
  </testcase>
  <testcase name="runScenario" classname="com.dms.runner.TestRunner" time="0.044">
    <failure message="The step &apos;User selects payment type for scenario 1&apos; and 3 other step(s) are undefined.&#10;You can implement these steps using the snippet(s) below:&#10;&#10;@When(&quot;User selects payment type for scenario {int}&quot;)&#10;public void user_selects_payment_type_for_scenario(Integer int1) {&#10;    // Write code here that turns the phrase above into concrete actions&#10;    throw new io.cucumber.java.PendingException();&#10;}&#10;@When(&quot;User selects tax rate for scenario {int}&quot;)&#10;public void user_selects_tax_rate_for_scenario(Integer int1) {&#10;    // Write code here that turns the phrase above into concrete actions&#10;    throw new io.cucumber.java.PendingException();&#10;}&#10;@When(&quot;User selects TDS Amount for scenario {int}&quot;)&#10;public void user_selects_tds_amount_for_scenario(Integer int1) {&#10;    // Write code here that turns the phrase above into concrete actions&#10;    throw new io.cucumber.java.PendingException();&#10;}&#10;@When(&quot;User selects TCS Flag as {string}&quot;)&#10;public void user_selects_tcs_flag_as(String string) {&#10;    // Write code here that turns the phrase above into concrete actions&#10;    throw new io.cucumber.java.PendingException();&#10;}&#10;" type="io.cucumber.testng.UndefinedStepException">io.cucumber.testng.UndefinedStepException: 
The step 'User selects payment type for scenario 1' and 3 other step(s) are undefined.
You can implement these steps using the snippet(s) below:

@When("User selects payment type for scenario {int}")
public void user_selects_payment_type_for_scenario(Integer int1) {
    // Write code here that turns the phrase above into concrete actions
    throw new io.cucumber.java.PendingException();
}
@When("User selects tax rate for scenario {int}")
public void user_selects_tax_rate_for_scenario(Integer int1) {
    // Write code here that turns the phrase above into concrete actions
    throw new io.cucumber.java.PendingException();
}
@When("User selects TDS Amount for scenario {int}")
public void user_selects_tds_amount_for_scenario(Integer int1) {
    // Write code here that turns the phrase above into concrete actions
    throw new io.cucumber.java.PendingException();
}
@When("User selects TCS Flag as {string}")
public void user_selects_tcs_flag_as(String string) {
    // Write code here that turns the phrase above into concrete actions
    throw new io.cucumber.java.PendingException();
}

</failure>
  </testcase>
  <testcase name="runScenario" classname="com.dms.runner.TestRunner" time="0.043">
    <failure message="The step &apos;User selects the MSGA finance flag&apos; and 2 other step(s) are undefined.&#10;You can implement these steps using the snippet(s) below:&#10;&#10;@When(&quot;User selects the MSGA finance flag&quot;)&#10;public void user_selects_the_msga_finance_flag() {&#10;    // Write code here that turns the phrase above into concrete actions&#10;    throw new io.cucumber.java.PendingException();&#10;}&#10;@When(&quot;Verify the field MSGA Financier Name dropdown is displayed and select value for scenario {int}&quot;)&#10;public void verify_the_field_msga_financier_name_dropdown_is_displayed_and_select_value_for_scenario(Integer int1) {&#10;    // Write code here that turns the phrase above into concrete actions&#10;    throw new io.cucumber.java.PendingException();&#10;}&#10;@Then(&quot;Verify the field MSGA Finance Value field is not empty&quot;)&#10;public void verify_the_field_msga_finance_value_field_is_not_empty() {&#10;    // Write code here that turns the phrase above into concrete actions&#10;    throw new io.cucumber.java.PendingException();&#10;}&#10;" type="io.cucumber.testng.UndefinedStepException">io.cucumber.testng.UndefinedStepException: 
The step 'User selects the MSGA finance flag' and 2 other step(s) are undefined.
You can implement these steps using the snippet(s) below:

@When("User selects the MSGA finance flag")
public void user_selects_the_msga_finance_flag() {
    // Write code here that turns the phrase above into concrete actions
    throw new io.cucumber.java.PendingException();
}
@When("Verify the field MSGA Financier Name dropdown is displayed and select value for scenario {int}")
public void verify_the_field_msga_financier_name_dropdown_is_displayed_and_select_value_for_scenario(Integer int1) {
    // Write code here that turns the phrase above into concrete actions
    throw new io.cucumber.java.PendingException();
}
@Then("Verify the field MSGA Finance Value field is not empty")
public void verify_the_field_msga_finance_value_field_is_not_empty() {
    // Write code here that turns the phrase above into concrete actions
    throw new io.cucumber.java.PendingException();
}

</failure>
  </testcase>
  <testcase name="runScenario" classname="com.dms.runner.TestRunner" time="0.05">
    <failure message="The step &apos;User selects Financier as &quot;&lt;financier&gt;&quot;&apos; and 9 other step(s) are undefined.&#10;You can implement these steps using the snippet(s) below:&#10;&#10;@When(&quot;User selects Financier as {string}&quot;)&#10;public void user_selects_financier_as(String string) {&#10;    // Write code here that turns the phrase above into concrete actions&#10;    throw new io.cucumber.java.PendingException();&#10;}&#10;@When(&quot;User enters Financier as {string}&quot;)&#10;public void user_enters_financier_as(String string) {&#10;    // Write code here that turns the phrase above into concrete actions&#10;    throw new io.cucumber.java.PendingException();&#10;}&#10;@When(&quot;User selects Finance Amount as {string}&quot;)&#10;public void user_selects_finance_amount_as(String string) {&#10;    // Write code here that turns the phrase above into concrete actions&#10;    throw new io.cucumber.java.PendingException();&#10;}&#10;@When(&quot;User selects tax rate as {string}&quot;)&#10;public void user_selects_tax_rate_as(String string) {&#10;    // Write code here that turns the phrase above into concrete actions&#10;    throw new io.cucumber.java.PendingException();&#10;}&#10;@When(&quot;User selects TDS Amount as {string}&quot;)&#10;public void user_selects_tds_amount_as(String string) {&#10;    // Write code here that turns the phrase above into concrete actions&#10;    throw new io.cucumber.java.PendingException();&#10;}&#10;@When(&quot;User selects TCS Flag as {string}&quot;)&#10;public void user_selects_tcs_flag_as(String string) {&#10;    // Write code here that turns the phrase above into concrete actions&#10;    throw new io.cucumber.java.PendingException();&#10;}&#10;@When(&quot;User clicks on Financial Details&quot;)&#10;public void user_clicks_on_financial_details() {&#10;    // Write code here that turns the phrase above into concrete actions&#10;    throw new io.cucumber.java.PendingException();&#10;}&#10;@When(&quot;User selects Loan Type as {string}&quot;)&#10;public void user_selects_loan_type_as(String string) {&#10;    // Write code here that turns the phrase above into concrete actions&#10;    throw new io.cucumber.java.PendingException();&#10;}&#10;@When(&quot;User selects Loan Status as {string}&quot;)&#10;public void user_selects_loan_status_as(String string) {&#10;    // Write code here that turns the phrase above into concrete actions&#10;    throw new io.cucumber.java.PendingException();&#10;}&#10;@When(&quot;User selects Loan Application Date as {string}&quot;)&#10;public void user_selects_loan_application_date_as(String string) {&#10;    // Write code here that turns the phrase above into concrete actions&#10;    throw new io.cucumber.java.PendingException();&#10;}&#10;" type="io.cucumber.testng.UndefinedStepException"><![CDATA[io.cucumber.testng.UndefinedStepException: 
The step 'User selects Financier as "<financier>"' and 9 other step(s) are undefined.
You can implement these steps using the snippet(s) below:

@When("User selects Financier as {string}")
public void user_selects_financier_as(String string) {
    // Write code here that turns the phrase above into concrete actions
    throw new io.cucumber.java.PendingException();
}
@When("User enters Financier as {string}")
public void user_enters_financier_as(String string) {
    // Write code here that turns the phrase above into concrete actions
    throw new io.cucumber.java.PendingException();
}
@When("User selects Finance Amount as {string}")
public void user_selects_finance_amount_as(String string) {
    // Write code here that turns the phrase above into concrete actions
    throw new io.cucumber.java.PendingException();
}
@When("User selects tax rate as {string}")
public void user_selects_tax_rate_as(String string) {
    // Write code here that turns the phrase above into concrete actions
    throw new io.cucumber.java.PendingException();
}
@When("User selects TDS Amount as {string}")
public void user_selects_tds_amount_as(String string) {
    // Write code here that turns the phrase above into concrete actions
    throw new io.cucumber.java.PendingException();
}
@When("User selects TCS Flag as {string}")
public void user_selects_tcs_flag_as(String string) {
    // Write code here that turns the phrase above into concrete actions
    throw new io.cucumber.java.PendingException();
}
@When("User clicks on Financial Details")
public void user_clicks_on_financial_details() {
    // Write code here that turns the phrase above into concrete actions
    throw new io.cucumber.java.PendingException();
}
@When("User selects Loan Type as {string}")
public void user_selects_loan_type_as(String string) {
    // Write code here that turns the phrase above into concrete actions
    throw new io.cucumber.java.PendingException();
}
@When("User selects Loan Status as {string}")
public void user_selects_loan_status_as(String string) {
    // Write code here that turns the phrase above into concrete actions
    throw new io.cucumber.java.PendingException();
}
@When("User selects Loan Application Date as {string}")
public void user_selects_loan_application_date_as(String string) {
    // Write code here that turns the phrase above into concrete actions
    throw new io.cucumber.java.PendingException();
}

]]></failure>
  </testcase>
  <testcase name="runScenario" classname="com.dms.runner.TestRunner" time="0.032">
    <failure message="The step &apos;User selects Payment Type as &quot;&lt;paymentType&gt;&quot;&apos; and 5 other step(s) are undefined.&#10;You can implement these steps using the snippet(s) below:&#10;&#10;@When(&quot;User selects Payment Type as {string}&quot;)&#10;public void user_selects_payment_type_as(String string) {&#10;    // Write code here that turns the phrase above into concrete actions&#10;    throw new io.cucumber.java.PendingException();&#10;}&#10;@When(&quot;User enters Financier as {string}&quot;)&#10;public void user_enters_financier_as(String string) {&#10;    // Write code here that turns the phrase above into concrete actions&#10;    throw new io.cucumber.java.PendingException();&#10;}&#10;@When(&quot;User selects Finance Amount as {string}&quot;)&#10;public void user_selects_finance_amount_as(String string) {&#10;    // Write code here that turns the phrase above into concrete actions&#10;    throw new io.cucumber.java.PendingException();&#10;}&#10;@When(&quot;User selects tax rate as {string}&quot;)&#10;public void user_selects_tax_rate_as(String string) {&#10;    // Write code here that turns the phrase above into concrete actions&#10;    throw new io.cucumber.java.PendingException();&#10;}&#10;@When(&quot;User selects TDS Amount as {string}&quot;)&#10;public void user_selects_tds_amount_as(String string) {&#10;    // Write code here that turns the phrase above into concrete actions&#10;    throw new io.cucumber.java.PendingException();&#10;}&#10;@When(&quot;User selects TCS Flag as {string}&quot;)&#10;public void user_selects_tcs_flag_as(String string) {&#10;    // Write code here that turns the phrase above into concrete actions&#10;    throw new io.cucumber.java.PendingException();&#10;}&#10;" type="io.cucumber.testng.UndefinedStepException"><![CDATA[io.cucumber.testng.UndefinedStepException: 
The step 'User selects Payment Type as "<paymentType>"' and 5 other step(s) are undefined.
You can implement these steps using the snippet(s) below:

@When("User selects Payment Type as {string}")
public void user_selects_payment_type_as(String string) {
    // Write code here that turns the phrase above into concrete actions
    throw new io.cucumber.java.PendingException();
}
@When("User enters Financier as {string}")
public void user_enters_financier_as(String string) {
    // Write code here that turns the phrase above into concrete actions
    throw new io.cucumber.java.PendingException();
}
@When("User selects Finance Amount as {string}")
public void user_selects_finance_amount_as(String string) {
    // Write code here that turns the phrase above into concrete actions
    throw new io.cucumber.java.PendingException();
}
@When("User selects tax rate as {string}")
public void user_selects_tax_rate_as(String string) {
    // Write code here that turns the phrase above into concrete actions
    throw new io.cucumber.java.PendingException();
}
@When("User selects TDS Amount as {string}")
public void user_selects_tds_amount_as(String string) {
    // Write code here that turns the phrase above into concrete actions
    throw new io.cucumber.java.PendingException();
}
@When("User selects TCS Flag as {string}")
public void user_selects_tcs_flag_as(String string) {
    // Write code here that turns the phrase above into concrete actions
    throw new io.cucumber.java.PendingException();
}

]]></failure>
  </testcase>
  <testcase name="runScenario" classname="com.dms.runner.TestRunner" time="0.048">
    <failure message="The step &apos;User selects Payment Type as &quot;&lt;paymentType&gt;&quot;&apos; and 10 other step(s) are undefined.&#10;You can implement these steps using the snippet(s) below:&#10;&#10;@When(&quot;User selects Payment Type as {string}&quot;)&#10;public void user_selects_payment_type_as(String string) {&#10;    // Write code here that turns the phrase above into concrete actions&#10;    throw new io.cucumber.java.PendingException();&#10;}&#10;@When(&quot;User enters Financier as {string}&quot;)&#10;public void user_enters_financier_as(String string) {&#10;    // Write code here that turns the phrase above into concrete actions&#10;    throw new io.cucumber.java.PendingException();&#10;}&#10;@When(&quot;User selects Finance Amount as {string}&quot;)&#10;public void user_selects_finance_amount_as(String string) {&#10;    // Write code here that turns the phrase above into concrete actions&#10;    throw new io.cucumber.java.PendingException();&#10;}&#10;@When(&quot;User selects tax rate as {string}&quot;)&#10;public void user_selects_tax_rate_as(String string) {&#10;    // Write code here that turns the phrase above into concrete actions&#10;    throw new io.cucumber.java.PendingException();&#10;}&#10;@When(&quot;User selects TDS Amount as {string}&quot;)&#10;public void user_selects_tds_amount_as(String string) {&#10;    // Write code here that turns the phrase above into concrete actions&#10;    throw new io.cucumber.java.PendingException();&#10;}&#10;@When(&quot;User selects TCS Flag as {string}&quot;)&#10;public void user_selects_tcs_flag_as(String string) {&#10;    // Write code here that turns the phrase above into concrete actions&#10;    throw new io.cucumber.java.PendingException();&#10;}&#10;@When(&quot;User clicks on Financial Details&quot;)&#10;public void user_clicks_on_financial_details() {&#10;    // Write code here that turns the phrase above into concrete actions&#10;    throw new io.cucumber.java.PendingException();&#10;}&#10;@When(&quot;User selects Loan Type as {string}&quot;)&#10;public void user_selects_loan_type_as(String string) {&#10;    // Write code here that turns the phrase above into concrete actions&#10;    throw new io.cucumber.java.PendingException();&#10;}&#10;@When(&quot;User selects Loan Status as {string}&quot;)&#10;public void user_selects_loan_status_as(String string) {&#10;    // Write code here that turns the phrase above into concrete actions&#10;    throw new io.cucumber.java.PendingException();&#10;}&#10;@When(&quot;User selects Loan Application Date as {string}&quot;)&#10;public void user_selects_loan_application_date_as(String string) {&#10;    // Write code here that turns the phrase above into concrete actions&#10;    throw new io.cucumber.java.PendingException();&#10;}&#10;@Then(&quot;Verify the Financial Details fields are cleared out&quot;)&#10;public void verify_the_financial_details_fields_are_cleared_out() {&#10;    // Write code here that turns the phrase above into concrete actions&#10;    throw new io.cucumber.java.PendingException();&#10;}&#10;" type="io.cucumber.testng.UndefinedStepException"><![CDATA[io.cucumber.testng.UndefinedStepException: 
The step 'User selects Payment Type as "<paymentType>"' and 10 other step(s) are undefined.
You can implement these steps using the snippet(s) below:

@When("User selects Payment Type as {string}")
public void user_selects_payment_type_as(String string) {
    // Write code here that turns the phrase above into concrete actions
    throw new io.cucumber.java.PendingException();
}
@When("User enters Financier as {string}")
public void user_enters_financier_as(String string) {
    // Write code here that turns the phrase above into concrete actions
    throw new io.cucumber.java.PendingException();
}
@When("User selects Finance Amount as {string}")
public void user_selects_finance_amount_as(String string) {
    // Write code here that turns the phrase above into concrete actions
    throw new io.cucumber.java.PendingException();
}
@When("User selects tax rate as {string}")
public void user_selects_tax_rate_as(String string) {
    // Write code here that turns the phrase above into concrete actions
    throw new io.cucumber.java.PendingException();
}
@When("User selects TDS Amount as {string}")
public void user_selects_tds_amount_as(String string) {
    // Write code here that turns the phrase above into concrete actions
    throw new io.cucumber.java.PendingException();
}
@When("User selects TCS Flag as {string}")
public void user_selects_tcs_flag_as(String string) {
    // Write code here that turns the phrase above into concrete actions
    throw new io.cucumber.java.PendingException();
}
@When("User clicks on Financial Details")
public void user_clicks_on_financial_details() {
    // Write code here that turns the phrase above into concrete actions
    throw new io.cucumber.java.PendingException();
}
@When("User selects Loan Type as {string}")
public void user_selects_loan_type_as(String string) {
    // Write code here that turns the phrase above into concrete actions
    throw new io.cucumber.java.PendingException();
}
@When("User selects Loan Status as {string}")
public void user_selects_loan_status_as(String string) {
    // Write code here that turns the phrase above into concrete actions
    throw new io.cucumber.java.PendingException();
}
@When("User selects Loan Application Date as {string}")
public void user_selects_loan_application_date_as(String string) {
    // Write code here that turns the phrase above into concrete actions
    throw new io.cucumber.java.PendingException();
}
@Then("Verify the Financial Details fields are cleared out")
public void verify_the_financial_details_fields_are_cleared_out() {
    // Write code here that turns the phrase above into concrete actions
    throw new io.cucumber.java.PendingException();
}

]]></failure>
  </testcase>
</testsuite>