<?xml version="1.0" encoding="UTF-8"?>
<testng-results ignored="0" total="7" passed="7" failed="0" skipped="0">
  <reporter-output>
  </reporter-output>
  <suite started-at="2023-11-16T17:37:44 IST" name="Surefire suite" finished-at="2023-11-16T17:37:48 IST" duration-ms="4106">
    <groups>
      <group name="cucumber">
        <method signature="AbstractTestNGCucumberTests.runScenario(io.cucumber.testng.PickleWrapper,io.cucumber.testng.FeatureWrapper)[pri:0, instance:com.dms.runner.TestRunner@48974e45]" name="runScenario" class="io.cucumber.testng.AbstractTestNGCucumberTests"/>
      </group> <!-- cucumber -->
    </groups>
    <test started-at="2023-11-16T17:37:44 IST" name="Surefire test" finished-at="2023-11-16T17:37:48 IST" duration-ms="4106">
      <class name="com.dms.runner.TestRunner">
        <test-method is-config="true" signature="setUpClass(org.testng.ITestContext)[pri:0, instance:com.dms.runner.TestRunner@48974e45]" started-at="2023-11-16T17:37:44 IST" name="setUpClass" finished-at="2023-11-16T17:37:45 IST" duration-ms="914" status="PASS">
          <params>
            <param index="0">
              <value>
                <![CDATA[org.testng.TestRunner@32f32623]]>
              </value>
            </param>
          </params>
          <reporter-output>
          </reporter-output>
        </test-method> <!-- setUpClass -->
        <test-method signature="runScenario(io.cucumber.testng.PickleWrapper,io.cucumber.testng.FeatureWrapper)[pri:0, instance:com.dms.runner.TestRunner@48974e45]" started-at="2023-11-16T17:37:45 IST" name="runScenario" description="Runs Cucumber Scenarios" data-provider="scenarios" finished-at="2023-11-16T17:37:45 IST" duration-ms="224" status="PASS">
          <params>
            <param index="0">
              <value>
                <![CDATA["Validate Prefilled fields on Invoice Details tab"]]>
              </value>
            </param>
            <param index="1">
              <value>
                <![CDATA["Add Invoice - Invoice Details Tab"]]>
              </value>
            </param>
          </params>
          <reporter-output>
          </reporter-output>
        </test-method> <!-- runScenario -->
        <test-method signature="runScenario(io.cucumber.testng.PickleWrapper,io.cucumber.testng.FeatureWrapper)[pri:0, instance:com.dms.runner.TestRunner@48974e45]" started-at="2023-11-16T17:37:45 IST" name="runScenario" description="Runs Cucumber Scenarios" data-provider="scenarios" finished-at="2023-11-16T17:37:46 IST" duration-ms="40" status="PASS">
          <params>
            <param index="0">
              <value>
                <![CDATA["Validate PopUp functionalities of search order Popup"]]>
              </value>
            </param>
            <param index="1">
              <value>
                <![CDATA["Add Invoice - Invoice Details Tab"]]>
              </value>
            </param>
          </params>
          <reporter-output>
          </reporter-output>
        </test-method> <!-- runScenario -->
        <test-method signature="runScenario(io.cucumber.testng.PickleWrapper,io.cucumber.testng.FeatureWrapper)[pri:0, instance:com.dms.runner.TestRunner@48974e45]" started-at="2023-11-16T17:37:46 IST" name="runScenario" description="Runs Cucumber Scenarios" data-provider="scenarios" finished-at="2023-11-16T17:37:46 IST" duration-ms="32" status="PASS">
          <params>
            <param index="0">
              <value>
                <![CDATA["Validate if no record found if invalid data input to search on popup"]]>
              </value>
            </param>
            <param index="1">
              <value>
                <![CDATA["Add Invoice - Invoice Details Tab"]]>
              </value>
            </param>
          </params>
          <reporter-output>
          </reporter-output>
        </test-method> <!-- runScenario -->
        <test-method signature="runScenario(io.cucumber.testng.PickleWrapper,io.cucumber.testng.FeatureWrapper)[pri:0, instance:com.dms.runner.TestRunner@48974e45]" started-at="2023-11-16T17:37:46 IST" name="runScenario" description="Runs Cucumber Scenarios" data-provider="scenarios" finished-at="2023-11-16T17:37:46 IST" duration-ms="44" status="PASS">
          <params>
            <param index="0">
              <value>
                <![CDATA["Validate back to listing button  functionality"]]>
              </value>
            </param>
            <param index="1">
              <value>
                <![CDATA["Add Invoice - Invoice Details Tab"]]>
              </value>
            </param>
          </params>
          <reporter-output>
          </reporter-output>
        </test-method> <!-- runScenario -->
        <test-method signature="runScenario(io.cucumber.testng.PickleWrapper,io.cucumber.testng.FeatureWrapper)[pri:0, instance:com.dms.runner.TestRunner@48974e45]" started-at="2023-11-16T17:37:46 IST" name="runScenario" description="Runs Cucumber Scenarios" data-provider="scenarios" finished-at="2023-11-16T17:37:46 IST" duration-ms="22" status="PASS">
          <params>
            <param index="0">
              <value>
                <![CDATA["Validate clear button functionality on Invoice details page"]]>
              </value>
            </param>
            <param index="1">
              <value>
                <![CDATA["Add Invoice - Invoice Details Tab"]]>
              </value>
            </param>
          </params>
          <reporter-output>
          </reporter-output>
        </test-method> <!-- runScenario -->
        <test-method signature="runScenario(io.cucumber.testng.PickleWrapper,io.cucumber.testng.FeatureWrapper)[pri:0, instance:com.dms.runner.TestRunner@48974e45]" started-at="2023-11-16T17:37:46 IST" name="runScenario" description="Runs Cucumber Scenarios" data-provider="scenarios" finished-at="2023-11-16T17:37:46 IST" duration-ms="21" status="PASS">
          <params>
            <param index="0">
              <value>
                <![CDATA["Validate B2B functionality on Invoice details page"]]>
              </value>
            </param>
            <param index="1">
              <value>
                <![CDATA["Add Invoice - Invoice Details Tab"]]>
              </value>
            </param>
          </params>
          <reporter-output>
          </reporter-output>
        </test-method> <!-- runScenario -->
        <test-method signature="runScenario(io.cucumber.testng.PickleWrapper,io.cucumber.testng.FeatureWrapper)[pri:0, instance:com.dms.runner.TestRunner@48974e45]" started-at="2023-11-16T17:37:46 IST" name="runScenario" description="Runs Cucumber Scenarios" data-provider="scenarios" finished-at="2023-11-16T17:37:46 IST" duration-ms="23" status="PASS">
          <params>
            <param index="0">
              <value>
                <![CDATA["Validate Next button functionality on Invoice details page"]]>
              </value>
            </param>
            <param index="1">
              <value>
                <![CDATA["Add Invoice - Invoice Details Tab"]]>
              </value>
            </param>
          </params>
          <reporter-output>
          </reporter-output>
        </test-method> <!-- runScenario -->
        <test-method is-config="true" signature="tearDownClass()[pri:0, instance:com.dms.runner.TestRunner@48974e45]" started-at="2023-11-16T17:37:46 IST" name="tearDownClass" finished-at="2023-11-16T17:37:48 IST" duration-ms="2753" status="PASS">
          <reporter-output>
          </reporter-output>
        </test-method> <!-- tearDownClass -->
      </class> <!-- com.dms.runner.TestRunner -->
    </test> <!-- Surefire test -->
  </suite> <!-- Surefire suite -->
</testng-results>
