<?xml version="1.0" encoding="UTF-8"?>
<testsuite xmlns:xsi="http://www.w3.org/2001/XMLSchema-instance" xsi:noNamespaceSchemaLocation="https://maven.apache.org/surefire/maven-surefire-plugin/xsd/surefire-test-report.xsd" name="com.dms.Runner.TestRunner" time="12.883" tests="3" errors="0" skipped="0" failures="1">
  <properties>
[...]
</properties>
  <testcase name="runScenario" classname="com.dms.Runner.TestRunner" time="7.467"/>
  <testcase name="runScenario" classname="com.dms.Runner.TestRunner" time="4.215"/>
  <testcase name="tearDownClass" classname="com.dms.Runner.TestRunner" time="4.532">
    <failure message="Failed making field &apos;java.lang.Throwable#detailMessage&apos; accessible; either increase its visibility or write a custom TypeAdapter for its declaring type." type="com.google.gson.JsonIOException">com.google.gson.JsonIOException: Failed making field 'java.lang.Throwable#detailMessage' accessible; either increase its visibility or write a custom TypeAdapter for its declaring type.
Caused by: java.lang.reflect.InaccessibleObjectException: Unable to make field private java.lang.String java.lang.Throwable.detailMessage accessible: module java.base does not "opens java.lang" to unnamed module @58c1670b
</failure>
  </testcase>
</testsuite>