<?xml version="1.0" encoding="UTF-8"?>
<testng-results ignored="0" total="105" passed="103" failed="2" skipped="0">
  <reporter-output>
  </reporter-output>
  <suite started-at="2023-12-06T20:53:17 IST" name="Suite" finished-at="2023-12-06T23:49:55 IST" duration-ms="10598532">
    <groups>
      <group name="cucumber">
        <method signature="AbstractTestNGCucumberTests.runScenario(io.cucumber.testng.PickleWrapper,io.cucumber.testng.FeatureWrapper)[pri:0, instance:com.dms.runner.TestRunner@1e66f1f5]" name="runScenario" class="io.cucumber.testng.AbstractTestNGCucumberTests"/>
      </group> <!-- cucumber -->
    </groups>
    <test started-at="2023-12-06T20:53:17 IST" name="Cucumber UI with TestNG Test" finished-at="2023-12-06T23:49:55 IST" duration-ms="10598532">
      <class name="com.dms.runner.TestRunner">
        <test-method is-config="true" signature="setUpClass(org.testng.ITestContext)[pri:0, instance:com.dms.runner.TestRunner@1e66f1f5]" started-at="2023-12-06T20:53:17 IST" name="setUpClass" finished-at="2023-12-06T20:53:17 IST" duration-ms="778" status="PASS">
          <params>
            <param index="0">
              <value>
                <![CDATA[org.testng.TestRunner@4324c39b]]>
              </value>
            </param>
          </params>
          <reporter-output>
          </reporter-output>
        </test-method> <!-- setUpClass -->
        <test-method signature="runScenario(io.cucumber.testng.PickleWrapper,io.cucumber.testng.FeatureWrapper)[pri:0, instance:com.dms.runner.TestRunner@1e66f1f5]" started-at="2023-12-06T20:53:17 IST" name="runScenario" description="Runs Cucumber Scenarios" data-provider="scenarios" finished-at="2023-12-06T20:55:00 IST" duration-ms="102901" status="PASS">
          <params>
            <param index="0">
              <value>
                <![CDATA["BS 0 :  B2B - IGST - Individual"]]>
              </value>
            </param>
            <param index="1">
              <value>
                <![CDATA["BS"]]>
              </value>
            </param>
          </params>
          <reporter-output>
          </reporter-output>
        </test-method> <!-- runScenario -->
        <test-method signature="runScenario(io.cucumber.testng.PickleWrapper,io.cucumber.testng.FeatureWrapper)[pri:0, instance:com.dms.runner.TestRunner@1e66f1f5]" started-at="2023-12-06T20:55:00 IST" name="runScenario" description="Runs Cucumber Scenarios" data-provider="scenarios" finished-at="2023-12-06T20:57:01 IST" duration-ms="120413" status="PASS">
          <params>
            <param index="0">
              <value>
                <![CDATA["BS 1 :  B2B - IGST - Individual - CCP - Extended Warranty -   Exchange"]]>
              </value>
            </param>
            <param index="1">
              <value>
                <![CDATA["BS"]]>
              </value>
            </param>
          </params>
          <reporter-output>
          </reporter-output>
        </test-method> <!-- runScenario -->
        <test-method signature="runScenario(io.cucumber.testng.PickleWrapper,io.cucumber.testng.FeatureWrapper)[pri:0, instance:com.dms.runner.TestRunner@1e66f1f5]" started-at="2023-12-06T20:57:01 IST" name="runScenario" description="Runs Cucumber Scenarios" data-provider="scenarios" finished-at="2023-12-06T20:59:12 IST" duration-ms="131159" status="PASS">
          <params>
            <param index="0">
              <value>
                <![CDATA["BS 2 :  B2B - IGST - Individual - CCP - Extended Warranty -   Loyalty Bonus Benefits"]]>
              </value>
            </param>
            <param index="1">
              <value>
                <![CDATA["BS"]]>
              </value>
            </param>
          </params>
          <reporter-output>
          </reporter-output>
        </test-method> <!-- runScenario -->
        <test-method signature="runScenario(io.cucumber.testng.PickleWrapper,io.cucumber.testng.FeatureWrapper)[pri:0, instance:com.dms.runner.TestRunner@1e66f1f5]" started-at="2023-12-06T20:59:12 IST" name="runScenario" description="Runs Cucumber Scenarios" data-provider="scenarios" finished-at="2023-12-06T21:01:02 IST" duration-ms="110243" status="PASS">
          <params>
            <param index="0">
              <value>
                <![CDATA["BS 3 :  B2B - IGST - Individual  - Extended Warranty - CCP NoPack - Exchange  - Leasing"]]>
              </value>
            </param>
            <param index="1">
              <value>
                <![CDATA["BS"]]>
              </value>
            </param>
          </params>
          <reporter-output>
          </reporter-output>
        </test-method> <!-- runScenario -->
        <test-method signature="runScenario(io.cucumber.testng.PickleWrapper,io.cucumber.testng.FeatureWrapper)[pri:0, instance:com.dms.runner.TestRunner@1e66f1f5]" started-at="2023-12-06T21:01:02 IST" name="runScenario" description="Runs Cucumber Scenarios" data-provider="scenarios" finished-at="2023-12-06T21:02:49 IST" duration-ms="106611" status="PASS">
          <params>
            <param index="0">
              <value>
                <![CDATA["BS 4 :  B2B - IGST - Individual - CCP -  Exchange  - Finance"]]>
              </value>
            </param>
            <param index="1">
              <value>
                <![CDATA["BS"]]>
              </value>
            </param>
          </params>
          <reporter-output>
          </reporter-output>
        </test-method> <!-- runScenario -->
        <test-method signature="runScenario(io.cucumber.testng.PickleWrapper,io.cucumber.testng.FeatureWrapper)[pri:0, instance:com.dms.runner.TestRunner@1e66f1f5]" started-at="2023-12-06T21:02:49 IST" name="runScenario" description="Runs Cucumber Scenarios" data-provider="scenarios" finished-at="2023-12-06T21:04:21 IST" duration-ms="91988" status="PASS">
          <params>
            <param index="0">
              <value>
                <![CDATA["BS 5 :  B2B - IGST - Individual - Extended Warranty - ccp-  Cash"]]>
              </value>
            </param>
            <param index="1">
              <value>
                <![CDATA["BS"]]>
              </value>
            </param>
          </params>
          <reporter-output>
          </reporter-output>
        </test-method> <!-- runScenario -->
        <test-method signature="runScenario(io.cucumber.testng.PickleWrapper,io.cucumber.testng.FeatureWrapper)[pri:0, instance:com.dms.runner.TestRunner@1e66f1f5]" started-at="2023-12-06T21:04:21 IST" name="runScenario" description="Runs Cucumber Scenarios" data-provider="scenarios" finished-at="2023-12-06T21:06:12 IST" duration-ms="111496" status="PASS">
          <params>
            <param index="0">
              <value>
                <![CDATA["BS 6 :  B2B - IGST - Individual - CCP - Extended Warranty -  Scrapage"]]>
              </value>
            </param>
            <param index="1">
              <value>
                <![CDATA["BS"]]>
              </value>
            </param>
          </params>
          <reporter-output>
          </reporter-output>
        </test-method> <!-- runScenario -->
        <test-method signature="runScenario(io.cucumber.testng.PickleWrapper,io.cucumber.testng.FeatureWrapper)[pri:0, instance:com.dms.runner.TestRunner@1e66f1f5]" started-at="2023-12-06T21:06:12 IST" name="runScenario" description="Runs Cucumber Scenarios" data-provider="scenarios" finished-at="2023-12-06T21:08:09 IST" duration-ms="117192" status="PASS">
          <params>
            <param index="0">
              <value>
                <![CDATA["BS 7 :  B2C - IGST - Individual - CCP - Extended Warranty -  Exchange"]]>
              </value>
            </param>
            <param index="1">
              <value>
                <![CDATA["BS"]]>
              </value>
            </param>
          </params>
          <reporter-output>
          </reporter-output>
        </test-method> <!-- runScenario -->
        <test-method signature="runScenario(io.cucumber.testng.PickleWrapper,io.cucumber.testng.FeatureWrapper)[pri:0, instance:com.dms.runner.TestRunner@1e66f1f5]" started-at="2023-12-06T21:08:09 IST" name="runScenario" description="Runs Cucumber Scenarios" data-provider="scenarios" finished-at="2023-12-06T21:10:09 IST" duration-ms="119415" status="PASS">
          <params>
            <param index="0">
              <value>
                <![CDATA["BS 8 :  B2C - IGST - Individual  - Extended Warranty -ccp No Pckg -  Exchange  - Leasing"]]>
              </value>
            </param>
            <param index="1">
              <value>
                <![CDATA["BS"]]>
              </value>
            </param>
          </params>
          <reporter-output>
          </reporter-output>
        </test-method> <!-- runScenario -->
        <test-method signature="runScenario(io.cucumber.testng.PickleWrapper,io.cucumber.testng.FeatureWrapper)[pri:0, instance:com.dms.runner.TestRunner@1e66f1f5]" started-at="2023-12-06T21:10:09 IST" name="runScenario" description="Runs Cucumber Scenarios" data-provider="scenarios" finished-at="2023-12-06T21:12:05 IST" duration-ms="115965" status="PASS">
          <params>
            <param index="0">
              <value>
                <![CDATA["BS 9 :  B2C - IGST - Individual - CCP -  Exchange  - Finance"]]>
              </value>
            </param>
            <param index="1">
              <value>
                <![CDATA["BS"]]>
              </value>
            </param>
          </params>
          <reporter-output>
          </reporter-output>
        </test-method> <!-- runScenario -->
        <test-method signature="runScenario(io.cucumber.testng.PickleWrapper,io.cucumber.testng.FeatureWrapper)[pri:0, instance:com.dms.runner.TestRunner@1e66f1f5]" started-at="2023-12-06T21:12:05 IST" name="runScenario" description="Runs Cucumber Scenarios" data-provider="scenarios" finished-at="2023-12-06T21:13:36 IST" duration-ms="91445" status="PASS">
          <params>
            <param index="0">
              <value>
                <![CDATA["BS 10 :  B2C - IGST - Individual - Extended Warranty - ccp-- Cash"]]>
              </value>
            </param>
            <param index="1">
              <value>
                <![CDATA["BS"]]>
              </value>
            </param>
          </params>
          <reporter-output>
          </reporter-output>
        </test-method> <!-- runScenario -->
        <test-method signature="runScenario(io.cucumber.testng.PickleWrapper,io.cucumber.testng.FeatureWrapper)[pri:0, instance:com.dms.runner.TestRunner@1e66f1f5]" started-at="2023-12-06T21:13:36 IST" name="runScenario" description="Runs Cucumber Scenarios" data-provider="scenarios" finished-at="2023-12-06T21:15:28 IST" duration-ms="111604" status="PASS">
          <params>
            <param index="0">
              <value>
                <![CDATA["BS 11 :  B2C - IGST - Individual - CCP - Extended Warranty -  Scrapage"]]>
              </value>
            </param>
            <param index="1">
              <value>
                <![CDATA["BS"]]>
              </value>
            </param>
          </params>
          <reporter-output>
          </reporter-output>
        </test-method> <!-- runScenario -->
        <test-method signature="runScenario(io.cucumber.testng.PickleWrapper,io.cucumber.testng.FeatureWrapper)[pri:0, instance:com.dms.runner.TestRunner@1e66f1f5]" started-at="2023-12-06T21:15:28 IST" name="runScenario" description="Runs Cucumber Scenarios" data-provider="scenarios" finished-at="2023-12-06T21:17:29 IST" duration-ms="121493" status="PASS">
          <params>
            <param index="0">
              <value>
                <![CDATA["BS 12 :  B2C - IGST - Individual - CCP - Extended Warranty -   Loyalty Bonus Benefits"]]>
              </value>
            </param>
            <param index="1">
              <value>
                <![CDATA["BS"]]>
              </value>
            </param>
          </params>
          <reporter-output>
          </reporter-output>
        </test-method> <!-- runScenario -->
        <test-method signature="runScenario(io.cucumber.testng.PickleWrapper,io.cucumber.testng.FeatureWrapper)[pri:0, instance:com.dms.runner.TestRunner@1e66f1f5]" started-at="2023-12-06T21:17:29 IST" name="runScenario" description="Runs Cucumber Scenarios" data-provider="scenarios" finished-at="2023-12-06T21:18:53 IST" duration-ms="83265" status="PASS">
          <params>
            <param index="0">
              <value>
                <![CDATA["BS 13 :  B2C - IGST - Individual"]]>
              </value>
            </param>
            <param index="1">
              <value>
                <![CDATA["BS"]]>
              </value>
            </param>
          </params>
          <reporter-output>
          </reporter-output>
        </test-method> <!-- runScenario -->
        <test-method signature="runScenario(io.cucumber.testng.PickleWrapper,io.cucumber.testng.FeatureWrapper)[pri:0, instance:com.dms.runner.TestRunner@1e66f1f5]" started-at="2023-12-06T21:18:53 IST" name="runScenario" description="Runs Cucumber Scenarios" data-provider="scenarios" finished-at="2023-12-06T21:20:20 IST" duration-ms="87248" status="PASS">
          <params>
            <param index="0">
              <value>
                <![CDATA["BS 14 :  B2B - CGST - Individual"]]>
              </value>
            </param>
            <param index="1">
              <value>
                <![CDATA["BS"]]>
              </value>
            </param>
          </params>
          <reporter-output>
          </reporter-output>
        </test-method> <!-- runScenario -->
        <test-method signature="runScenario(io.cucumber.testng.PickleWrapper,io.cucumber.testng.FeatureWrapper)[pri:0, instance:com.dms.runner.TestRunner@1e66f1f5]" started-at="2023-12-06T21:20:20 IST" name="runScenario" description="Runs Cucumber Scenarios" data-provider="scenarios" finished-at="2023-12-06T21:22:17 IST" duration-ms="116764" status="PASS">
          <params>
            <param index="0">
              <value>
                <![CDATA["BS 15 :  B2B - CGST - Individual - CCP - Extended Warranty -   Exchange"]]>
              </value>
            </param>
            <param index="1">
              <value>
                <![CDATA["BS"]]>
              </value>
            </param>
          </params>
          <reporter-output>
          </reporter-output>
        </test-method> <!-- runScenario -->
        <test-method signature="runScenario(io.cucumber.testng.PickleWrapper,io.cucumber.testng.FeatureWrapper)[pri:0, instance:com.dms.runner.TestRunner@1e66f1f5]" started-at="2023-12-06T21:22:17 IST" name="runScenario" description="Runs Cucumber Scenarios" data-provider="scenarios" finished-at="2023-12-06T21:24:17 IST" duration-ms="119951" status="PASS">
          <params>
            <param index="0">
              <value>
                <![CDATA["BS 16 :  B2B - CGST - Individual  - Extended Warranty - CCP NoPack - Exchange  - Leasing"]]>
              </value>
            </param>
            <param index="1">
              <value>
                <![CDATA["BS"]]>
              </value>
            </param>
          </params>
          <reporter-output>
          </reporter-output>
        </test-method> <!-- runScenario -->
        <test-method signature="runScenario(io.cucumber.testng.PickleWrapper,io.cucumber.testng.FeatureWrapper)[pri:0, instance:com.dms.runner.TestRunner@1e66f1f5]" started-at="2023-12-06T21:24:17 IST" name="runScenario" description="Runs Cucumber Scenarios" data-provider="scenarios" finished-at="2023-12-06T21:26:14 IST" duration-ms="117304" status="PASS">
          <params>
            <param index="0">
              <value>
                <![CDATA["BS 17 :  B2B - CGST - Individual - CCP -  Exchange  - Finance"]]>
              </value>
            </param>
            <param index="1">
              <value>
                <![CDATA["BS"]]>
              </value>
            </param>
          </params>
          <reporter-output>
          </reporter-output>
        </test-method> <!-- runScenario -->
        <test-method signature="runScenario(io.cucumber.testng.PickleWrapper,io.cucumber.testng.FeatureWrapper)[pri:0, instance:com.dms.runner.TestRunner@1e66f1f5]" started-at="2023-12-06T21:26:14 IST" name="runScenario" description="Runs Cucumber Scenarios" data-provider="scenarios" finished-at="2023-12-06T21:27:45 IST" duration-ms="91343" status="PASS">
          <params>
            <param index="0">
              <value>
                <![CDATA["BS 18 :  B2B - CGST - Individual - Extended Warranty - ccp -  Cash"]]>
              </value>
            </param>
            <param index="1">
              <value>
                <![CDATA["BS"]]>
              </value>
            </param>
          </params>
          <reporter-output>
          </reporter-output>
        </test-method> <!-- runScenario -->
        <test-method signature="runScenario(io.cucumber.testng.PickleWrapper,io.cucumber.testng.FeatureWrapper)[pri:0, instance:com.dms.runner.TestRunner@1e66f1f5]" started-at="2023-12-06T21:27:45 IST" name="runScenario" description="Runs Cucumber Scenarios" data-provider="scenarios" finished-at="2023-12-06T21:29:37 IST" duration-ms="111923" status="PASS">
          <params>
            <param index="0">
              <value>
                <![CDATA["BS 19 :  B2B - CGST - Individual - CCP - Extended Warranty -  Scrapage"]]>
              </value>
            </param>
            <param index="1">
              <value>
                <![CDATA["BS"]]>
              </value>
            </param>
          </params>
          <reporter-output>
          </reporter-output>
        </test-method> <!-- runScenario -->
        <test-method signature="runScenario(io.cucumber.testng.PickleWrapper,io.cucumber.testng.FeatureWrapper)[pri:0, instance:com.dms.runner.TestRunner@1e66f1f5]" started-at="2023-12-06T21:29:37 IST" name="runScenario" description="Runs Cucumber Scenarios" data-provider="scenarios" finished-at="2023-12-06T21:31:38 IST" duration-ms="121196" status="PASS">
          <params>
            <param index="0">
              <value>
                <![CDATA["BS 20 :  B2B - CGST - Individual - CCP - Extended Warranty -   Loyalty Bonus Benefits"]]>
              </value>
            </param>
            <param index="1">
              <value>
                <![CDATA["BS"]]>
              </value>
            </param>
          </params>
          <reporter-output>
          </reporter-output>
        </test-method> <!-- runScenario -->
        <test-method signature="runScenario(io.cucumber.testng.PickleWrapper,io.cucumber.testng.FeatureWrapper)[pri:0, instance:com.dms.runner.TestRunner@1e66f1f5]" started-at="2023-12-06T21:31:38 IST" name="runScenario" description="Runs Cucumber Scenarios" data-provider="scenarios" finished-at="2023-12-06T21:33:10 IST" duration-ms="91507" status="PASS">
          <params>
            <param index="0">
              <value>
                <![CDATA["BS 21 :  B2C - CGST - Individual"]]>
              </value>
            </param>
            <param index="1">
              <value>
                <![CDATA["BS"]]>
              </value>
            </param>
          </params>
          <reporter-output>
          </reporter-output>
        </test-method> <!-- runScenario -->
        <test-method signature="runScenario(io.cucumber.testng.PickleWrapper,io.cucumber.testng.FeatureWrapper)[pri:0, instance:com.dms.runner.TestRunner@1e66f1f5]" started-at="2023-12-06T21:33:10 IST" name="runScenario" description="Runs Cucumber Scenarios" data-provider="scenarios" finished-at="2023-12-06T21:35:09 IST" duration-ms="119299" status="PASS">
          <params>
            <param index="0">
              <value>
                <![CDATA["BS 22 :  B2C - CGST - Individual - CCP - Extended Warranty -  Exchange"]]>
              </value>
            </param>
            <param index="1">
              <value>
                <![CDATA["BS"]]>
              </value>
            </param>
          </params>
          <reporter-output>
          </reporter-output>
        </test-method> <!-- runScenario -->
        <test-method signature="runScenario(io.cucumber.testng.PickleWrapper,io.cucumber.testng.FeatureWrapper)[pri:0, instance:com.dms.runner.TestRunner@1e66f1f5]" started-at="2023-12-06T21:35:09 IST" name="runScenario" description="Runs Cucumber Scenarios" data-provider="scenarios" finished-at="2023-12-06T21:37:09 IST" duration-ms="120190" status="PASS">
          <params>
            <param index="0">
              <value>
                <![CDATA["BS 23 :  B2C - CGST - Individual  - Extended Warranty -ccp No Pckg -  Exchange  - Leasing"]]>
              </value>
            </param>
            <param index="1">
              <value>
                <![CDATA["BS"]]>
              </value>
            </param>
          </params>
          <reporter-output>
          </reporter-output>
        </test-method> <!-- runScenario -->
        <test-method signature="runScenario(io.cucumber.testng.PickleWrapper,io.cucumber.testng.FeatureWrapper)[pri:0, instance:com.dms.runner.TestRunner@1e66f1f5]" started-at="2023-12-06T21:37:09 IST" name="runScenario" description="Runs Cucumber Scenarios" data-provider="scenarios" finished-at="2023-12-06T21:39:06 IST" duration-ms="116346" status="PASS">
          <params>
            <param index="0">
              <value>
                <![CDATA["BS 24:  B2C - CGST - Individual - CCP -  Exchange  - Finance"]]>
              </value>
            </param>
            <param index="1">
              <value>
                <![CDATA["BS"]]>
              </value>
            </param>
          </params>
          <reporter-output>
          </reporter-output>
        </test-method> <!-- runScenario -->
        <test-method signature="runScenario(io.cucumber.testng.PickleWrapper,io.cucumber.testng.FeatureWrapper)[pri:0, instance:com.dms.runner.TestRunner@1e66f1f5]" started-at="2023-12-06T21:39:06 IST" name="runScenario" description="Runs Cucumber Scenarios" data-provider="scenarios" finished-at="2023-12-06T21:40:37 IST" duration-ms="91782" status="PASS">
          <params>
            <param index="0">
              <value>
                <![CDATA["BS 25 :  B2C - CGST - Individual - Extended Warranty - ccp-- Cash"]]>
              </value>
            </param>
            <param index="1">
              <value>
                <![CDATA["BS"]]>
              </value>
            </param>
          </params>
          <reporter-output>
          </reporter-output>
        </test-method> <!-- runScenario -->
        <test-method signature="runScenario(io.cucumber.testng.PickleWrapper,io.cucumber.testng.FeatureWrapper)[pri:0, instance:com.dms.runner.TestRunner@1e66f1f5]" started-at="2023-12-06T21:40:37 IST" name="runScenario" description="Runs Cucumber Scenarios" data-provider="scenarios" finished-at="2023-12-06T21:42:35 IST" duration-ms="117261" status="PASS">
          <params>
            <param index="0">
              <value>
                <![CDATA["BS 26 :  B2C - CGST - Individual - CCP - Extended Warranty -  Scrapage"]]>
              </value>
            </param>
            <param index="1">
              <value>
                <![CDATA["BS"]]>
              </value>
            </param>
          </params>
          <reporter-output>
          </reporter-output>
        </test-method> <!-- runScenario -->
        <test-method signature="runScenario(io.cucumber.testng.PickleWrapper,io.cucumber.testng.FeatureWrapper)[pri:0, instance:com.dms.runner.TestRunner@1e66f1f5]" started-at="2023-12-06T21:42:35 IST" name="runScenario" description="Runs Cucumber Scenarios" data-provider="scenarios" finished-at="2023-12-06T21:44:37 IST" duration-ms="122509" status="PASS">
          <params>
            <param index="0">
              <value>
                <![CDATA["BS 27 :  B2C - CGST - Individual - CCP - Extended Warranty -   Loyalty Bonus Benefits"]]>
              </value>
            </param>
            <param index="1">
              <value>
                <![CDATA["BS"]]>
              </value>
            </param>
          </params>
          <reporter-output>
          </reporter-output>
        </test-method> <!-- runScenario -->
        <test-method signature="runScenario(io.cucumber.testng.PickleWrapper,io.cucumber.testng.FeatureWrapper)[pri:0, instance:com.dms.runner.TestRunner@1e66f1f5]" started-at="2023-12-06T21:44:37 IST" name="runScenario" description="Runs Cucumber Scenarios" data-provider="scenarios" finished-at="2023-12-06T21:45:48 IST" duration-ms="71226" status="PASS">
          <params>
            <param index="0">
              <value>
                <![CDATA["BS 28 :  B2B - CGST - CSD"]]>
              </value>
            </param>
            <param index="1">
              <value>
                <![CDATA["BS"]]>
              </value>
            </param>
          </params>
          <reporter-output>
          </reporter-output>
        </test-method> <!-- runScenario -->
        <test-method signature="runScenario(io.cucumber.testng.PickleWrapper,io.cucumber.testng.FeatureWrapper)[pri:0, instance:com.dms.runner.TestRunner@1e66f1f5]" started-at="2023-12-06T21:45:48 IST" name="runScenario" description="Runs Cucumber Scenarios" data-provider="scenarios" finished-at="2023-12-06T21:47:31 IST" duration-ms="102487" status="PASS">
          <params>
            <param index="0">
              <value>
                <![CDATA["BS 29 :  B2B - CGST - CSD - CCP - Extended Warranty -   Exchange"]]>
              </value>
            </param>
            <param index="1">
              <value>
                <![CDATA["BS"]]>
              </value>
            </param>
          </params>
          <reporter-output>
          </reporter-output>
        </test-method> <!-- runScenario -->
        <test-method signature="runScenario(io.cucumber.testng.PickleWrapper,io.cucumber.testng.FeatureWrapper)[pri:0, instance:com.dms.runner.TestRunner@1e66f1f5]" started-at="2023-12-06T21:47:31 IST" name="runScenario" description="Runs Cucumber Scenarios" data-provider="scenarios" finished-at="2023-12-06T21:49:31 IST" duration-ms="120195" status="PASS">
          <params>
            <param index="0">
              <value>
                <![CDATA["BS 30 :  B2B - CGST - CSD  - Extended Warranty - CCP NoPack - Exchange  - Leasing"]]>
              </value>
            </param>
            <param index="1">
              <value>
                <![CDATA["BS"]]>
              </value>
            </param>
          </params>
          <reporter-output>
          </reporter-output>
        </test-method> <!-- runScenario -->
        <test-method signature="runScenario(io.cucumber.testng.PickleWrapper,io.cucumber.testng.FeatureWrapper)[pri:0, instance:com.dms.runner.TestRunner@1e66f1f5]" started-at="2023-12-06T21:49:31 IST" name="runScenario" description="Runs Cucumber Scenarios" data-provider="scenarios" finished-at="2023-12-06T21:51:28 IST" duration-ms="117217" status="PASS">
          <params>
            <param index="0">
              <value>
                <![CDATA["BS 31 :  B2B - CGST - CSD - CCP -  Exchange  - Finance"]]>
              </value>
            </param>
            <param index="1">
              <value>
                <![CDATA["BS"]]>
              </value>
            </param>
          </params>
          <reporter-output>
          </reporter-output>
        </test-method> <!-- runScenario -->
        <test-method signature="runScenario(io.cucumber.testng.PickleWrapper,io.cucumber.testng.FeatureWrapper)[pri:0, instance:com.dms.runner.TestRunner@1e66f1f5]" started-at="2023-12-06T21:51:28 IST" name="runScenario" description="Runs Cucumber Scenarios" data-provider="scenarios" finished-at="2023-12-06T21:53:00 IST" duration-ms="91745" status="PASS">
          <params>
            <param index="0">
              <value>
                <![CDATA["BS 32 :  B2B - CGST - CSD - Extended Warranty - ccp -  Cash"]]>
              </value>
            </param>
            <param index="1">
              <value>
                <![CDATA["BS"]]>
              </value>
            </param>
          </params>
          <reporter-output>
          </reporter-output>
        </test-method> <!-- runScenario -->
        <test-method signature="runScenario(io.cucumber.testng.PickleWrapper,io.cucumber.testng.FeatureWrapper)[pri:0, instance:com.dms.runner.TestRunner@1e66f1f5]" started-at="2023-12-06T21:53:00 IST" name="runScenario" description="Runs Cucumber Scenarios" data-provider="scenarios" finished-at="2023-12-06T21:54:36 IST" duration-ms="96117" status="PASS">
          <params>
            <param index="0">
              <value>
                <![CDATA["BS 33 :  B2B - CGST - CSD - CCP - Extended Warranty -  Scrapage"]]>
              </value>
            </param>
            <param index="1">
              <value>
                <![CDATA["BS"]]>
              </value>
            </param>
          </params>
          <reporter-output>
          </reporter-output>
        </test-method> <!-- runScenario -->
        <test-method signature="runScenario(io.cucumber.testng.PickleWrapper,io.cucumber.testng.FeatureWrapper)[pri:0, instance:com.dms.runner.TestRunner@1e66f1f5]" started-at="2023-12-06T21:54:36 IST" name="runScenario" description="Runs Cucumber Scenarios" data-provider="scenarios" finished-at="2023-12-06T21:56:22 IST" duration-ms="106006" status="PASS">
          <params>
            <param index="0">
              <value>
                <![CDATA["BS 34 :  B2B - CGST - CSD - CCP - Extended Warranty -   Loyalty Acquistion"]]>
              </value>
            </param>
            <param index="1">
              <value>
                <![CDATA["BS"]]>
              </value>
            </param>
          </params>
          <reporter-output>
          </reporter-output>
        </test-method> <!-- runScenario -->
        <test-method signature="runScenario(io.cucumber.testng.PickleWrapper,io.cucumber.testng.FeatureWrapper)[pri:0, instance:com.dms.runner.TestRunner@1e66f1f5]" started-at="2023-12-06T21:56:22 IST" name="runScenario" description="Runs Cucumber Scenarios" data-provider="scenarios" finished-at="2023-12-06T21:57:49 IST" duration-ms="87085" status="PASS">
          <params>
            <param index="0">
              <value>
                <![CDATA["BS 35 :  B2B - IGST - CSD"]]>
              </value>
            </param>
            <param index="1">
              <value>
                <![CDATA["BS"]]>
              </value>
            </param>
          </params>
          <reporter-output>
          </reporter-output>
        </test-method> <!-- runScenario -->
        <test-method signature="runScenario(io.cucumber.testng.PickleWrapper,io.cucumber.testng.FeatureWrapper)[pri:0, instance:com.dms.runner.TestRunner@1e66f1f5]" started-at="2023-12-06T21:57:49 IST" name="runScenario" description="Runs Cucumber Scenarios" data-provider="scenarios" finished-at="2023-12-06T21:59:49 IST" duration-ms="119991" status="PASS">
          <params>
            <param index="0">
              <value>
                <![CDATA["BS 36 :  B2B - IGST - CSD - CCP - Extended Warranty -   Exchange"]]>
              </value>
            </param>
            <param index="1">
              <value>
                <![CDATA["BS"]]>
              </value>
            </param>
          </params>
          <reporter-output>
          </reporter-output>
        </test-method> <!-- runScenario -->
        <test-method signature="runScenario(io.cucumber.testng.PickleWrapper,io.cucumber.testng.FeatureWrapper)[pri:0, instance:com.dms.runner.TestRunner@1e66f1f5]" started-at="2023-12-06T21:59:49 IST" name="runScenario" description="Runs Cucumber Scenarios" data-provider="scenarios" finished-at="2023-12-06T22:01:44 IST" duration-ms="114224" status="PASS">
          <params>
            <param index="0">
              <value>
                <![CDATA["BS 37 :  B2B - IGST - CSD  - Extended Warranty - CCP NoPack - Exchange  - Leasing"]]>
              </value>
            </param>
            <param index="1">
              <value>
                <![CDATA["BS"]]>
              </value>
            </param>
          </params>
          <reporter-output>
          </reporter-output>
        </test-method> <!-- runScenario -->
        <test-method signature="runScenario(io.cucumber.testng.PickleWrapper,io.cucumber.testng.FeatureWrapper)[pri:0, instance:com.dms.runner.TestRunner@1e66f1f5]" started-at="2023-12-06T22:01:44 IST" name="runScenario" description="Runs Cucumber Scenarios" data-provider="scenarios" finished-at="2023-12-06T22:03:40 IST" duration-ms="116068" status="PASS">
          <params>
            <param index="0">
              <value>
                <![CDATA["BS 38 :  B2B - IGST - CSD - CCP -  Exchange  - Finance"]]>
              </value>
            </param>
            <param index="1">
              <value>
                <![CDATA["BS"]]>
              </value>
            </param>
          </params>
          <reporter-output>
          </reporter-output>
        </test-method> <!-- runScenario -->
        <test-method signature="runScenario(io.cucumber.testng.PickleWrapper,io.cucumber.testng.FeatureWrapper)[pri:0, instance:com.dms.runner.TestRunner@1e66f1f5]" started-at="2023-12-06T22:03:40 IST" name="runScenario" description="Runs Cucumber Scenarios" data-provider="scenarios" finished-at="2023-12-06T22:05:11 IST" duration-ms="91670" status="PASS">
          <params>
            <param index="0">
              <value>
                <![CDATA["BS 39 :  B2B - IGST - CSD - Extended Warranty - ccp-  Cash"]]>
              </value>
            </param>
            <param index="1">
              <value>
                <![CDATA["BS"]]>
              </value>
            </param>
          </params>
          <reporter-output>
          </reporter-output>
        </test-method> <!-- runScenario -->
        <test-method signature="runScenario(io.cucumber.testng.PickleWrapper,io.cucumber.testng.FeatureWrapper)[pri:0, instance:com.dms.runner.TestRunner@1e66f1f5]" started-at="2023-12-06T22:05:11 IST" name="runScenario" description="Runs Cucumber Scenarios" data-provider="scenarios" finished-at="2023-12-06T22:06:58 IST" duration-ms="107033" status="PASS">
          <params>
            <param index="0">
              <value>
                <![CDATA["BS 40 :  B2B - IGST - CSD - CCP - Extended Warranty -  Scrapage"]]>
              </value>
            </param>
            <param index="1">
              <value>
                <![CDATA["BS"]]>
              </value>
            </param>
          </params>
          <reporter-output>
          </reporter-output>
        </test-method> <!-- runScenario -->
        <test-method signature="runScenario(io.cucumber.testng.PickleWrapper,io.cucumber.testng.FeatureWrapper)[pri:0, instance:com.dms.runner.TestRunner@1e66f1f5]" started-at="2023-12-06T22:06:58 IST" name="runScenario" description="Runs Cucumber Scenarios" data-provider="scenarios" finished-at="2023-12-06T22:08:35 IST" duration-ms="96426" status="FAIL">
          <params>
            <param index="0">
              <value>
                <![CDATA["BS 41 :  B2B - IGST - CSD - CCP - Extended Warranty -   Loyalty Acquistion"]]>
              </value>
            </param>
            <param index="1">
              <value>
                <![CDATA["BS"]]>
              </value>
            </param>
          </params>
          <exception class="org.openqa.selenium.NoSuchElementException">
            <message>
              <![CDATA[no such element: Unable to locate element: {"method":"xpath","selector":"//mat-option//span[text()='Yes']"}
  (Session info: chrome=119.0.6045.200)
For documentation on this error, please visit: https://selenium.dev/exceptions/#no_such_element
Build info: version: '4.8.1', revision: '8ebccac989'
System info: os.name: 'Windows 11', os.arch: 'amd64', os.version: '10.0', java.version: '17.0.7'
Driver info: org.openqa.selenium.chrome.ChromeDriver
Command: [d6e7e510a866ebdc21ec0ecf5a3f3b44, findElement {using=xpath, value=//mat-option//span[text()='Yes']}]
Capabilities {acceptInsecureCerts: false, browserName: chrome, browserVersion: 119.0.6045.200, chrome: {chromedriverVersion: 119.0.6045.105 (38c72552c5e..., userDataDir: C:\WINDOWS\SystemTemp\scope...}, fedcm:accounts: true, goog:chromeOptions: {debuggerAddress: localhost:58068}, networkConnectionEnabled: false, pageLoadStrategy: normal, platformName: WINDOWS, proxy: Proxy(), se:cdp: ws://localhost:58068/devtoo..., se:cdpVersion: 119.0.6045.200, setWindowRect: true, strictFileInteractability: false, timeouts: {implicit: 0, pageLoad: 300000, script: 30000}, unhandledPromptBehavior: dismiss and notify, webauthn:extension:credBlob: true, webauthn:extension:largeBlob: true, webauthn:extension:minPinLength: true, webauthn:extension:prf: true, webauthn:virtualAuthenticators: true}
Session ID: d6e7e510a866ebdc21ec0ecf5a3f3b44]]>
            </message>
            <full-stacktrace>
              <![CDATA[org.openqa.selenium.NoSuchElementException: no such element: Unable to locate element: {"method":"xpath","selector":"//mat-option//span[text()='Yes']"}
  (Session info: chrome=119.0.6045.200)
For documentation on this error, please visit: https://selenium.dev/exceptions/#no_such_element
Build info: version: '4.8.1', revision: '8ebccac989'
System info: os.name: 'Windows 11', os.arch: 'amd64', os.version: '10.0', java.version: '17.0.7'
Driver info: org.openqa.selenium.chrome.ChromeDriver
Command: [d6e7e510a866ebdc21ec0ecf5a3f3b44, findElement {using=xpath, value=//mat-option//span[text()='Yes']}]
Capabilities {acceptInsecureCerts: false, browserName: chrome, browserVersion: 119.0.6045.200, chrome: {chromedriverVersion: 119.0.6045.105 (38c72552c5e..., userDataDir: C:\WINDOWS\SystemTemp\scope...}, fedcm:accounts: true, goog:chromeOptions: {debuggerAddress: localhost:58068}, networkConnectionEnabled: false, pageLoadStrategy: normal, platformName: WINDOWS, proxy: Proxy(), se:cdp: ws://localhost:58068/devtoo..., se:cdpVersion: 119.0.6045.200, setWindowRect: true, strictFileInteractability: false, timeouts: {implicit: 0, pageLoad: 300000, script: 30000}, unhandledPromptBehavior: dismiss and notify, webauthn:extension:credBlob: true, webauthn:extension:largeBlob: true, webauthn:extension:minPinLength: true, webauthn:extension:prf: true, webauthn:virtualAuthenticators: true}
Session ID: d6e7e510a866ebdc21ec0ecf5a3f3b44
at java.base/jdk.internal.reflect.NativeConstructorAccessorImpl.newInstance0(Native Method)
at java.base/jdk.internal.reflect.NativeConstructorAccessorImpl.newInstance(NativeConstructorAccessorImpl.java:77)
at java.base/jdk.internal.reflect.DelegatingConstructorAccessorImpl.newInstance(DelegatingConstructorAccessorImpl.java:45)
at java.base/java.lang.reflect.Constructor.newInstanceWithCaller(Constructor.java:499)
at java.base/java.lang.reflect.Constructor.newInstance(Constructor.java:480)
at org.openqa.selenium.remote.codec.w3c.W3CHttpResponseCodec.createException(W3CHttpResponseCodec.java:200)
at org.openqa.selenium.remote.codec.w3c.W3CHttpResponseCodec.decode(W3CHttpResponseCodec.java:133)
at org.openqa.selenium.remote.codec.w3c.W3CHttpResponseCodec.decode(W3CHttpResponseCodec.java:53)
at org.openqa.selenium.remote.HttpCommandExecutor.execute(HttpCommandExecutor.java:184)
at org.openqa.selenium.remote.service.DriverCommandExecutor.invokeExecute(DriverCommandExecutor.java:167)
at org.openqa.selenium.remote.service.DriverCommandExecutor.execute(DriverCommandExecutor.java:142)
at org.openqa.selenium.remote.RemoteWebDriver.execute(RemoteWebDriver.java:543)
at org.openqa.selenium.remote.ElementLocation$ElementFinder$2.findElement(ElementLocation.java:162)
at org.openqa.selenium.remote.ElementLocation.findElement(ElementLocation.java:60)
at org.openqa.selenium.remote.RemoteWebDriver.findElement(RemoteWebDriver.java:352)
at org.openqa.selenium.remote.RemoteWebDriver.findElement(RemoteWebDriver.java:344)
at com.dms.utils.PageUtil.findBy(PageUtil.java:16)
at com.dms.pageobjects.AddInvoice_InvoiceDetailsPOM.options(AddInvoice_InvoiceDetailsPOM.java:186)
at com.dms.stepdefinitions.AddInvoiceStepDef.if_user_selects_b2b_customer_as(AddInvoiceStepDef.java:231)
at ✽.if user selects B2B Customer as "Yes"(file:///C:/Users/tanugupta02/git/dms_Invoice_UIAutomation/src/test/java/com/dms/featurefiles/BusinessScenarios.feature:1826)
]]>
            </full-stacktrace>
          </exception> <!-- org.openqa.selenium.NoSuchElementException -->
          <reporter-output>
          </reporter-output>
        </test-method> <!-- runScenario -->
        <test-method signature="runScenario(io.cucumber.testng.PickleWrapper,io.cucumber.testng.FeatureWrapper)[pri:0, instance:com.dms.runner.TestRunner@1e66f1f5]" started-at="2023-12-06T22:08:35 IST" name="runScenario" description="Runs Cucumber Scenarios" data-provider="scenarios" finished-at="2023-12-06T22:09:46 IST" duration-ms="71306" status="PASS">
          <params>
            <param index="0">
              <value>
                <![CDATA["BS 42 :  B2C - CGST - CSD"]]>
              </value>
            </param>
            <param index="1">
              <value>
                <![CDATA["BS"]]>
              </value>
            </param>
          </params>
          <reporter-output>
          </reporter-output>
        </test-method> <!-- runScenario -->
        <test-method signature="runScenario(io.cucumber.testng.PickleWrapper,io.cucumber.testng.FeatureWrapper)[pri:0, instance:com.dms.runner.TestRunner@1e66f1f5]" started-at="2023-12-06T22:09:46 IST" name="runScenario" description="Runs Cucumber Scenarios" data-provider="scenarios" finished-at="2023-12-06T22:11:27 IST" duration-ms="100776" status="PASS">
          <params>
            <param index="0">
              <value>
                <![CDATA["BS 43 :  B2C - CGST - CSD - CCP - Extended Warranty -  Exchange"]]>
              </value>
            </param>
            <param index="1">
              <value>
                <![CDATA["BS"]]>
              </value>
            </param>
          </params>
          <reporter-output>
          </reporter-output>
        </test-method> <!-- runScenario -->
        <test-method signature="runScenario(io.cucumber.testng.PickleWrapper,io.cucumber.testng.FeatureWrapper)[pri:0, instance:com.dms.runner.TestRunner@1e66f1f5]" started-at="2023-12-06T22:11:27 IST" name="runScenario" description="Runs Cucumber Scenarios" data-provider="scenarios" finished-at="2023-12-06T22:13:27 IST" duration-ms="120051" status="PASS">
          <params>
            <param index="0">
              <value>
                <![CDATA["BS 44 :  B2C - CGST - CSD  - Extended Warranty -ccp No Pckg -  Exchange  - Leasing"]]>
              </value>
            </param>
            <param index="1">
              <value>
                <![CDATA["BS"]]>
              </value>
            </param>
          </params>
          <reporter-output>
          </reporter-output>
        </test-method> <!-- runScenario -->
        <test-method signature="runScenario(io.cucumber.testng.PickleWrapper,io.cucumber.testng.FeatureWrapper)[pri:0, instance:com.dms.runner.TestRunner@1e66f1f5]" started-at="2023-12-06T22:13:27 IST" name="runScenario" description="Runs Cucumber Scenarios" data-provider="scenarios" finished-at="2023-12-06T22:15:21 IST" duration-ms="114516" status="PASS">
          <params>
            <param index="0">
              <value>
                <![CDATA["BS 45:  B2C - CGST - CSD - CCP -  Exchange  - Finance"]]>
              </value>
            </param>
            <param index="1">
              <value>
                <![CDATA["BS"]]>
              </value>
            </param>
          </params>
          <reporter-output>
          </reporter-output>
        </test-method> <!-- runScenario -->
        <test-method signature="runScenario(io.cucumber.testng.PickleWrapper,io.cucumber.testng.FeatureWrapper)[pri:0, instance:com.dms.runner.TestRunner@1e66f1f5]" started-at="2023-12-06T22:15:21 IST" name="runScenario" description="Runs Cucumber Scenarios" data-provider="scenarios" finished-at="2023-12-06T22:16:51 IST" duration-ms="89738" status="PASS">
          <params>
            <param index="0">
              <value>
                <![CDATA["BS 46 :  B2C - CGST - CSD - Extended Warranty - ccp-- Cash"]]>
              </value>
            </param>
            <param index="1">
              <value>
                <![CDATA["BS"]]>
              </value>
            </param>
          </params>
          <reporter-output>
          </reporter-output>
        </test-method> <!-- runScenario -->
        <test-method signature="runScenario(io.cucumber.testng.PickleWrapper,io.cucumber.testng.FeatureWrapper)[pri:0, instance:com.dms.runner.TestRunner@1e66f1f5]" started-at="2023-12-06T22:16:51 IST" name="runScenario" description="Runs Cucumber Scenarios" data-provider="scenarios" finished-at="2023-12-06T22:18:24 IST" duration-ms="92963" status="PASS">
          <params>
            <param index="0">
              <value>
                <![CDATA["BS 47 :  B2C - CGST - CSD - CCP - Extended Warranty -  Scrapage"]]>
              </value>
            </param>
            <param index="1">
              <value>
                <![CDATA["BS"]]>
              </value>
            </param>
          </params>
          <reporter-output>
          </reporter-output>
        </test-method> <!-- runScenario -->
        <test-method signature="runScenario(io.cucumber.testng.PickleWrapper,io.cucumber.testng.FeatureWrapper)[pri:0, instance:com.dms.runner.TestRunner@1e66f1f5]" started-at="2023-12-06T22:18:24 IST" name="runScenario" description="Runs Cucumber Scenarios" data-provider="scenarios" finished-at="2023-12-06T22:20:08 IST" duration-ms="103679" status="PASS">
          <params>
            <param index="0">
              <value>
                <![CDATA["BS 48 :  B2C - CGST - CSD - CCP - Extended Warranty -   Loyalty Bonus Benefits"]]>
              </value>
            </param>
            <param index="1">
              <value>
                <![CDATA["BS"]]>
              </value>
            </param>
          </params>
          <reporter-output>
          </reporter-output>
        </test-method> <!-- runScenario -->
        <test-method signature="runScenario(io.cucumber.testng.PickleWrapper,io.cucumber.testng.FeatureWrapper)[pri:0, instance:com.dms.runner.TestRunner@1e66f1f5]" started-at="2023-12-06T22:20:08 IST" name="runScenario" description="Runs Cucumber Scenarios" data-provider="scenarios" finished-at="2023-12-06T22:21:32 IST" duration-ms="84704" status="PASS">
          <params>
            <param index="0">
              <value>
                <![CDATA["BS 49 :  B2C - IGST - CSD"]]>
              </value>
            </param>
            <param index="1">
              <value>
                <![CDATA["BS"]]>
              </value>
            </param>
          </params>
          <reporter-output>
          </reporter-output>
        </test-method> <!-- runScenario -->
        <test-method signature="runScenario(io.cucumber.testng.PickleWrapper,io.cucumber.testng.FeatureWrapper)[pri:0, instance:com.dms.runner.TestRunner@1e66f1f5]" started-at="2023-12-06T22:21:32 IST" name="runScenario" description="Runs Cucumber Scenarios" data-provider="scenarios" finished-at="2023-12-06T22:23:26 IST" duration-ms="113776" status="PASS">
          <params>
            <param index="0">
              <value>
                <![CDATA["BS 50 :  B2C - IGST - CSD - CCP - Extended Warranty -  Exchange"]]>
              </value>
            </param>
            <param index="1">
              <value>
                <![CDATA["BS"]]>
              </value>
            </param>
          </params>
          <reporter-output>
          </reporter-output>
        </test-method> <!-- runScenario -->
        <test-method signature="runScenario(io.cucumber.testng.PickleWrapper,io.cucumber.testng.FeatureWrapper)[pri:0, instance:com.dms.runner.TestRunner@1e66f1f5]" started-at="2023-12-06T22:23:26 IST" name="runScenario" description="Runs Cucumber Scenarios" data-provider="scenarios" finished-at="2023-12-06T22:25:23 IST" duration-ms="116409" status="PASS">
          <params>
            <param index="0">
              <value>
                <![CDATA["BS 51 :  B2C - IGST - CSD  - Extended Warranty -ccp No Pckg -  Exchange  - Leasing"]]>
              </value>
            </param>
            <param index="1">
              <value>
                <![CDATA["BS"]]>
              </value>
            </param>
          </params>
          <reporter-output>
          </reporter-output>
        </test-method> <!-- runScenario -->
        <test-method signature="runScenario(io.cucumber.testng.PickleWrapper,io.cucumber.testng.FeatureWrapper)[pri:0, instance:com.dms.runner.TestRunner@1e66f1f5]" started-at="2023-12-06T22:25:23 IST" name="runScenario" description="Runs Cucumber Scenarios" data-provider="scenarios" finished-at="2023-12-06T22:27:13 IST" duration-ms="110570" status="PASS">
          <params>
            <param index="0">
              <value>
                <![CDATA["BS 52:  B2C - IGST - CSD - CCP -  Exchange  - Finance"]]>
              </value>
            </param>
            <param index="1">
              <value>
                <![CDATA["BS"]]>
              </value>
            </param>
          </params>
          <reporter-output>
          </reporter-output>
        </test-method> <!-- runScenario -->
        <test-method signature="runScenario(io.cucumber.testng.PickleWrapper,io.cucumber.testng.FeatureWrapper)[pri:0, instance:com.dms.runner.TestRunner@1e66f1f5]" started-at="2023-12-06T22:27:13 IST" name="runScenario" description="Runs Cucumber Scenarios" data-provider="scenarios" finished-at="2023-12-06T22:28:45 IST" duration-ms="91596" status="PASS">
          <params>
            <param index="0">
              <value>
                <![CDATA["BS 53 :  B2C - IGST - CSD - Extended Warranty - ccp-- Cash"]]>
              </value>
            </param>
            <param index="1">
              <value>
                <![CDATA["BS"]]>
              </value>
            </param>
          </params>
          <reporter-output>
          </reporter-output>
        </test-method> <!-- runScenario -->
        <test-method signature="runScenario(io.cucumber.testng.PickleWrapper,io.cucumber.testng.FeatureWrapper)[pri:0, instance:com.dms.runner.TestRunner@1e66f1f5]" started-at="2023-12-06T22:28:45 IST" name="runScenario" description="Runs Cucumber Scenarios" data-provider="scenarios" finished-at="2023-12-06T22:30:36 IST" duration-ms="111317" status="PASS">
          <params>
            <param index="0">
              <value>
                <![CDATA["BS 54 :  B2C - IGST - CSD - CCP - Extended Warranty -  Scrapage"]]>
              </value>
            </param>
            <param index="1">
              <value>
                <![CDATA["BS"]]>
              </value>
            </param>
          </params>
          <reporter-output>
          </reporter-output>
        </test-method> <!-- runScenario -->
        <test-method signature="runScenario(io.cucumber.testng.PickleWrapper,io.cucumber.testng.FeatureWrapper)[pri:0, instance:com.dms.runner.TestRunner@1e66f1f5]" started-at="2023-12-06T22:30:36 IST" name="runScenario" description="Runs Cucumber Scenarios" data-provider="scenarios" finished-at="2023-12-06T22:32:41 IST" duration-ms="124488" status="PASS">
          <params>
            <param index="0">
              <value>
                <![CDATA["BS 55 :  B2C - IGST - CSD - CCP - Extended Warranty -   Loyalty Bonus Benefits"]]>
              </value>
            </param>
            <param index="1">
              <value>
                <![CDATA["BS"]]>
              </value>
            </param>
          </params>
          <reporter-output>
          </reporter-output>
        </test-method> <!-- runScenario -->
        <test-method signature="runScenario(io.cucumber.testng.PickleWrapper,io.cucumber.testng.FeatureWrapper)[pri:0, instance:com.dms.runner.TestRunner@1e66f1f5]" started-at="2023-12-06T22:32:41 IST" name="runScenario" description="Runs Cucumber Scenarios" data-provider="scenarios" finished-at="2023-12-06T22:34:13 IST" duration-ms="92491" status="PASS">
          <params>
            <param index="0">
              <value>
                <![CDATA["BS 56 :  B2C - IGST - CPC"]]>
              </value>
            </param>
            <param index="1">
              <value>
                <![CDATA["BS"]]>
              </value>
            </param>
          </params>
          <reporter-output>
          </reporter-output>
        </test-method> <!-- runScenario -->
        <test-method signature="runScenario(io.cucumber.testng.PickleWrapper,io.cucumber.testng.FeatureWrapper)[pri:0, instance:com.dms.runner.TestRunner@1e66f1f5]" started-at="2023-12-06T22:34:13 IST" name="runScenario" description="Runs Cucumber Scenarios" data-provider="scenarios" finished-at="2023-12-06T22:36:10 IST" duration-ms="117039" status="PASS">
          <params>
            <param index="0">
              <value>
                <![CDATA["BS 57 :  B2C - IGST - CPC - CCP - Extended Warranty -  Exchange"]]>
              </value>
            </param>
            <param index="1">
              <value>
                <![CDATA["BS"]]>
              </value>
            </param>
          </params>
          <reporter-output>
          </reporter-output>
        </test-method> <!-- runScenario -->
        <test-method signature="runScenario(io.cucumber.testng.PickleWrapper,io.cucumber.testng.FeatureWrapper)[pri:0, instance:com.dms.runner.TestRunner@1e66f1f5]" started-at="2023-12-06T22:36:10 IST" name="runScenario" description="Runs Cucumber Scenarios" data-provider="scenarios" finished-at="2023-12-06T22:38:11 IST" duration-ms="120744" status="PASS">
          <params>
            <param index="0">
              <value>
                <![CDATA["BS 58 :  B2C - IGST - CCP  - Extended Warranty -ccp No Pckg -  Exchange  - Leasing"]]>
              </value>
            </param>
            <param index="1">
              <value>
                <![CDATA["BS"]]>
              </value>
            </param>
          </params>
          <reporter-output>
          </reporter-output>
        </test-method> <!-- runScenario -->
        <test-method signature="runScenario(io.cucumber.testng.PickleWrapper,io.cucumber.testng.FeatureWrapper)[pri:0, instance:com.dms.runner.TestRunner@1e66f1f5]" started-at="2023-12-06T22:38:11 IST" name="runScenario" description="Runs Cucumber Scenarios" data-provider="scenarios" finished-at="2023-12-06T22:40:08 IST" duration-ms="116836" status="PASS">
          <params>
            <param index="0">
              <value>
                <![CDATA["BS 59:  B2C - IGST - CPC - CCP -  Exchange  - Finance"]]>
              </value>
            </param>
            <param index="1">
              <value>
                <![CDATA["BS"]]>
              </value>
            </param>
          </params>
          <reporter-output>
          </reporter-output>
        </test-method> <!-- runScenario -->
        <test-method signature="runScenario(io.cucumber.testng.PickleWrapper,io.cucumber.testng.FeatureWrapper)[pri:0, instance:com.dms.runner.TestRunner@1e66f1f5]" started-at="2023-12-06T22:40:08 IST" name="runScenario" description="Runs Cucumber Scenarios" data-provider="scenarios" finished-at="2023-12-06T22:41:40 IST" duration-ms="92545" status="PASS">
          <params>
            <param index="0">
              <value>
                <![CDATA["BS 60 :  B2C - IGST - CPC - Extended Warranty - ccp-- Cash"]]>
              </value>
            </param>
            <param index="1">
              <value>
                <![CDATA["BS"]]>
              </value>
            </param>
          </params>
          <reporter-output>
          </reporter-output>
        </test-method> <!-- runScenario -->
        <test-method signature="runScenario(io.cucumber.testng.PickleWrapper,io.cucumber.testng.FeatureWrapper)[pri:0, instance:com.dms.runner.TestRunner@1e66f1f5]" started-at="2023-12-06T22:41:40 IST" name="runScenario" description="Runs Cucumber Scenarios" data-provider="scenarios" finished-at="2023-12-06T22:43:38 IST" duration-ms="117448" status="PASS">
          <params>
            <param index="0">
              <value>
                <![CDATA["BS 61 :  B2C - IGST - CPC - CCP - Extended Warranty -  Scrapage"]]>
              </value>
            </param>
            <param index="1">
              <value>
                <![CDATA["BS"]]>
              </value>
            </param>
          </params>
          <reporter-output>
          </reporter-output>
        </test-method> <!-- runScenario -->
        <test-method signature="runScenario(io.cucumber.testng.PickleWrapper,io.cucumber.testng.FeatureWrapper)[pri:0, instance:com.dms.runner.TestRunner@1e66f1f5]" started-at="2023-12-06T22:43:38 IST" name="runScenario" description="Runs Cucumber Scenarios" data-provider="scenarios" finished-at="2023-12-06T22:45:40 IST" duration-ms="122315" status="PASS">
          <params>
            <param index="0">
              <value>
                <![CDATA["BS 62 :  B2C - IGST - CPC - CCP - Extended Warranty -   Loyalty Bonus Benefits"]]>
              </value>
            </param>
            <param index="1">
              <value>
                <![CDATA["BS"]]>
              </value>
            </param>
          </params>
          <reporter-output>
          </reporter-output>
        </test-method> <!-- runScenario -->
        <test-method signature="runScenario(io.cucumber.testng.PickleWrapper,io.cucumber.testng.FeatureWrapper)[pri:0, instance:com.dms.runner.TestRunner@1e66f1f5]" started-at="2023-12-06T22:45:40 IST" name="runScenario" description="Runs Cucumber Scenarios" data-provider="scenarios" finished-at="2023-12-06T22:47:08 IST" duration-ms="88116" status="PASS">
          <params>
            <param index="0">
              <value>
                <![CDATA["BS 63 :  B2B - IGST - CPC"]]>
              </value>
            </param>
            <param index="1">
              <value>
                <![CDATA["BS"]]>
              </value>
            </param>
          </params>
          <reporter-output>
          </reporter-output>
        </test-method> <!-- runScenario -->
        <test-method signature="runScenario(io.cucumber.testng.PickleWrapper,io.cucumber.testng.FeatureWrapper)[pri:0, instance:com.dms.runner.TestRunner@1e66f1f5]" started-at="2023-12-06T22:47:08 IST" name="runScenario" description="Runs Cucumber Scenarios" data-provider="scenarios" finished-at="2023-12-06T22:49:07 IST" duration-ms="119268" status="PASS">
          <params>
            <param index="0">
              <value>
                <![CDATA["BS 64 :  B2B - IGST - CPC - CCP - Extended Warranty -   Exchange"]]>
              </value>
            </param>
            <param index="1">
              <value>
                <![CDATA["BS"]]>
              </value>
            </param>
          </params>
          <reporter-output>
          </reporter-output>
        </test-method> <!-- runScenario -->
        <test-method signature="runScenario(io.cucumber.testng.PickleWrapper,io.cucumber.testng.FeatureWrapper)[pri:0, instance:com.dms.runner.TestRunner@1e66f1f5]" started-at="2023-12-06T22:49:07 IST" name="runScenario" description="Runs Cucumber Scenarios" data-provider="scenarios" finished-at="2023-12-06T22:51:08 IST" duration-ms="121073" status="PASS">
          <params>
            <param index="0">
              <value>
                <![CDATA["BS 65 :  B2B - IGST - CPC  - Extended Warranty - CCP NoPack - Exchange  - Leasing"]]>
              </value>
            </param>
            <param index="1">
              <value>
                <![CDATA["BS"]]>
              </value>
            </param>
          </params>
          <reporter-output>
          </reporter-output>
        </test-method> <!-- runScenario -->
        <test-method signature="runScenario(io.cucumber.testng.PickleWrapper,io.cucumber.testng.FeatureWrapper)[pri:0, instance:com.dms.runner.TestRunner@1e66f1f5]" started-at="2023-12-06T22:51:08 IST" name="runScenario" description="Runs Cucumber Scenarios" data-provider="scenarios" finished-at="2023-12-06T22:53:07 IST" duration-ms="118795" status="PASS">
          <params>
            <param index="0">
              <value>
                <![CDATA["BS 66 :  B2B - IGST - CPC - CCP -  Exchange  - Finance"]]>
              </value>
            </param>
            <param index="1">
              <value>
                <![CDATA["BS"]]>
              </value>
            </param>
          </params>
          <reporter-output>
          </reporter-output>
        </test-method> <!-- runScenario -->
        <test-method signature="runScenario(io.cucumber.testng.PickleWrapper,io.cucumber.testng.FeatureWrapper)[pri:0, instance:com.dms.runner.TestRunner@1e66f1f5]" started-at="2023-12-06T22:53:07 IST" name="runScenario" description="Runs Cucumber Scenarios" data-provider="scenarios" finished-at="2023-12-06T22:54:40 IST" duration-ms="92733" status="PASS">
          <params>
            <param index="0">
              <value>
                <![CDATA["BS 67 :  B2B - IGST - CPC - Extended Warranty - ccp-  Cash"]]>
              </value>
            </param>
            <param index="1">
              <value>
                <![CDATA["BS"]]>
              </value>
            </param>
          </params>
          <reporter-output>
          </reporter-output>
        </test-method> <!-- runScenario -->
        <test-method signature="runScenario(io.cucumber.testng.PickleWrapper,io.cucumber.testng.FeatureWrapper)[pri:0, instance:com.dms.runner.TestRunner@1e66f1f5]" started-at="2023-12-06T22:54:40 IST" name="runScenario" description="Runs Cucumber Scenarios" data-provider="scenarios" finished-at="2023-12-06T22:56:39 IST" duration-ms="119324" status="PASS">
          <params>
            <param index="0">
              <value>
                <![CDATA["BS 68 :  B2B - IGST - CPC - CCP - Extended Warranty -  Scrapage"]]>
              </value>
            </param>
            <param index="1">
              <value>
                <![CDATA["BS"]]>
              </value>
            </param>
          </params>
          <reporter-output>
          </reporter-output>
        </test-method> <!-- runScenario -->
        <test-method signature="runScenario(io.cucumber.testng.PickleWrapper,io.cucumber.testng.FeatureWrapper)[pri:0, instance:com.dms.runner.TestRunner@1e66f1f5]" started-at="2023-12-06T22:56:39 IST" name="runScenario" description="Runs Cucumber Scenarios" data-provider="scenarios" finished-at="2023-12-06T22:58:39 IST" duration-ms="120082" status="PASS">
          <params>
            <param index="0">
              <value>
                <![CDATA["BS 69 :  B2B - IGST - CPC - CCP - Extended Warranty -   Loyalty Acquistion"]]>
              </value>
            </param>
            <param index="1">
              <value>
                <![CDATA["BS"]]>
              </value>
            </param>
          </params>
          <reporter-output>
          </reporter-output>
        </test-method> <!-- runScenario -->
        <test-method signature="runScenario(io.cucumber.testng.PickleWrapper,io.cucumber.testng.FeatureWrapper)[pri:0, instance:com.dms.runner.TestRunner@1e66f1f5]" started-at="2023-12-06T22:58:39 IST" name="runScenario" description="Runs Cucumber Scenarios" data-provider="scenarios" finished-at="2023-12-06T23:00:06 IST" duration-ms="86302" status="PASS">
          <params>
            <param index="0">
              <value>
                <![CDATA["BS 70 :  B2C - CGST - CPC"]]>
              </value>
            </param>
            <param index="1">
              <value>
                <![CDATA["BS"]]>
              </value>
            </param>
          </params>
          <reporter-output>
          </reporter-output>
        </test-method> <!-- runScenario -->
        <test-method signature="runScenario(io.cucumber.testng.PickleWrapper,io.cucumber.testng.FeatureWrapper)[pri:0, instance:com.dms.runner.TestRunner@1e66f1f5]" started-at="2023-12-06T23:00:06 IST" name="runScenario" description="Runs Cucumber Scenarios" data-provider="scenarios" finished-at="2023-12-06T23:01:59 IST" duration-ms="113129" status="PASS">
          <params>
            <param index="0">
              <value>
                <![CDATA["BS 71 :  B2C - CGST - CPC - CCP - Extended Warranty -  Exchange"]]>
              </value>
            </param>
            <param index="1">
              <value>
                <![CDATA["BS"]]>
              </value>
            </param>
          </params>
          <reporter-output>
          </reporter-output>
        </test-method> <!-- runScenario -->
        <test-method signature="runScenario(io.cucumber.testng.PickleWrapper,io.cucumber.testng.FeatureWrapper)[pri:0, instance:com.dms.runner.TestRunner@1e66f1f5]" started-at="2023-12-06T23:01:59 IST" name="runScenario" description="Runs Cucumber Scenarios" data-provider="scenarios" finished-at="2023-12-06T23:03:51 IST" duration-ms="111717" status="PASS">
          <params>
            <param index="0">
              <value>
                <![CDATA["BS 72 :  B2C - CGST - CPC  - Extended Warranty -ccp No Pckg -  Exchange  - Leasing"]]>
              </value>
            </param>
            <param index="1">
              <value>
                <![CDATA["BS"]]>
              </value>
            </param>
          </params>
          <reporter-output>
          </reporter-output>
        </test-method> <!-- runScenario -->
        <test-method signature="runScenario(io.cucumber.testng.PickleWrapper,io.cucumber.testng.FeatureWrapper)[pri:0, instance:com.dms.runner.TestRunner@1e66f1f5]" started-at="2023-12-06T23:03:51 IST" name="runScenario" description="Runs Cucumber Scenarios" data-provider="scenarios" finished-at="2023-12-06T23:05:39 IST" duration-ms="108705" status="PASS">
          <params>
            <param index="0">
              <value>
                <![CDATA["BS 73:  B2C - CGST - CPC - CCP -  Exchange  - Finance"]]>
              </value>
            </param>
            <param index="1">
              <value>
                <![CDATA["BS"]]>
              </value>
            </param>
          </params>
          <reporter-output>
          </reporter-output>
        </test-method> <!-- runScenario -->
        <test-method signature="runScenario(io.cucumber.testng.PickleWrapper,io.cucumber.testng.FeatureWrapper)[pri:0, instance:com.dms.runner.TestRunner@1e66f1f5]" started-at="2023-12-06T23:05:39 IST" name="runScenario" description="Runs Cucumber Scenarios" data-provider="scenarios" finished-at="2023-12-06T23:07:57 IST" duration-ms="137790" status="FAIL">
          <params>
            <param index="0">
              <value>
                <![CDATA["BS 74 :  B2C - CGST - CPC - Extended Warranty - ccp-- Cash"]]>
              </value>
            </param>
            <param index="1">
              <value>
                <![CDATA["BS"]]>
              </value>
            </param>
          </params>
          <exception class="org.openqa.selenium.NoSuchElementException">
            <message>
              <![CDATA[no such element: Unable to locate element: {"method":"xpath","selector":"//mat-option//span[text()='Cash']"}
  (Session info: chrome=119.0.6045.200)
For documentation on this error, please visit: https://selenium.dev/exceptions/#no_such_element
Build info: version: '4.8.1', revision: '8ebccac989'
System info: os.name: 'Windows 11', os.arch: 'amd64', os.version: '10.0', java.version: '17.0.7'
Driver info: org.openqa.selenium.chrome.ChromeDriver
Command: [6633bcb959f62259b7ec34bf00d1499a, findElement {using=xpath, value=//mat-option//span[text()='Cash']}]
Capabilities {acceptInsecureCerts: false, browserName: chrome, browserVersion: 119.0.6045.200, chrome: {chromedriverVersion: 119.0.6045.105 (38c72552c5e..., userDataDir: C:\WINDOWS\SystemTemp\scope...}, fedcm:accounts: true, goog:chromeOptions: {debuggerAddress: localhost:59907}, networkConnectionEnabled: false, pageLoadStrategy: normal, platformName: WINDOWS, proxy: Proxy(), se:cdp: ws://localhost:59907/devtoo..., se:cdpVersion: 119.0.6045.200, setWindowRect: true, strictFileInteractability: false, timeouts: {implicit: 0, pageLoad: 300000, script: 30000}, unhandledPromptBehavior: dismiss and notify, webauthn:extension:credBlob: true, webauthn:extension:largeBlob: true, webauthn:extension:minPinLength: true, webauthn:extension:prf: true, webauthn:virtualAuthenticators: true}
Session ID: 6633bcb959f62259b7ec34bf00d1499a]]>
            </message>
            <full-stacktrace>
              <![CDATA[org.openqa.selenium.NoSuchElementException: no such element: Unable to locate element: {"method":"xpath","selector":"//mat-option//span[text()='Cash']"}
  (Session info: chrome=119.0.6045.200)
For documentation on this error, please visit: https://selenium.dev/exceptions/#no_such_element
Build info: version: '4.8.1', revision: '8ebccac989'
System info: os.name: 'Windows 11', os.arch: 'amd64', os.version: '10.0', java.version: '17.0.7'
Driver info: org.openqa.selenium.chrome.ChromeDriver
Command: [6633bcb959f62259b7ec34bf00d1499a, findElement {using=xpath, value=//mat-option//span[text()='Cash']}]
Capabilities {acceptInsecureCerts: false, browserName: chrome, browserVersion: 119.0.6045.200, chrome: {chromedriverVersion: 119.0.6045.105 (38c72552c5e..., userDataDir: C:\WINDOWS\SystemTemp\scope...}, fedcm:accounts: true, goog:chromeOptions: {debuggerAddress: localhost:59907}, networkConnectionEnabled: false, pageLoadStrategy: normal, platformName: WINDOWS, proxy: Proxy(), se:cdp: ws://localhost:59907/devtoo..., se:cdpVersion: 119.0.6045.200, setWindowRect: true, strictFileInteractability: false, timeouts: {implicit: 0, pageLoad: 300000, script: 30000}, unhandledPromptBehavior: dismiss and notify, webauthn:extension:credBlob: true, webauthn:extension:largeBlob: true, webauthn:extension:minPinLength: true, webauthn:extension:prf: true, webauthn:virtualAuthenticators: true}
Session ID: 6633bcb959f62259b7ec34bf00d1499a
at java.base/jdk.internal.reflect.NativeConstructorAccessorImpl.newInstance0(Native Method)
at java.base/jdk.internal.reflect.NativeConstructorAccessorImpl.newInstance(NativeConstructorAccessorImpl.java:77)
at java.base/jdk.internal.reflect.DelegatingConstructorAccessorImpl.newInstance(DelegatingConstructorAccessorImpl.java:45)
at java.base/java.lang.reflect.Constructor.newInstanceWithCaller(Constructor.java:499)
at java.base/java.lang.reflect.Constructor.newInstance(Constructor.java:480)
at org.openqa.selenium.remote.codec.w3c.W3CHttpResponseCodec.createException(W3CHttpResponseCodec.java:200)
at org.openqa.selenium.remote.codec.w3c.W3CHttpResponseCodec.decode(W3CHttpResponseCodec.java:133)
at org.openqa.selenium.remote.codec.w3c.W3CHttpResponseCodec.decode(W3CHttpResponseCodec.java:53)
at org.openqa.selenium.remote.HttpCommandExecutor.execute(HttpCommandExecutor.java:184)
at org.openqa.selenium.remote.service.DriverCommandExecutor.invokeExecute(DriverCommandExecutor.java:167)
at org.openqa.selenium.remote.service.DriverCommandExecutor.execute(DriverCommandExecutor.java:142)
at org.openqa.selenium.remote.RemoteWebDriver.execute(RemoteWebDriver.java:543)
at org.openqa.selenium.remote.ElementLocation$ElementFinder$2.findElement(ElementLocation.java:162)
at org.openqa.selenium.remote.ElementLocation.findElement(ElementLocation.java:60)
at org.openqa.selenium.remote.RemoteWebDriver.findElement(RemoteWebDriver.java:352)
at org.openqa.selenium.remote.RemoteWebDriver.findElement(RemoteWebDriver.java:344)
at com.dms.utils.PageUtil.findBy(PageUtil.java:16)
at com.dms.pageobjects.AddInvoice_FinancialInfo.choosePaymentTypeDropdown(AddInvoice_FinancialInfo.java:38)
at com.dms.stepdefinitions.FinancialInfoStepDef.User_selects_payment_type_as(FinancialInfoStepDef.java:108)
at ✽.User selects payment type as "Cash"(file:///C:/Users/tanugupta02/git/dms_Invoice_UIAutomation/src/test/java/com/dms/featurefiles/BusinessScenarios.feature:3309)
]]>
            </full-stacktrace>
          </exception> <!-- org.openqa.selenium.NoSuchElementException -->
          <reporter-output>
          </reporter-output>
        </test-method> <!-- runScenario -->
        <test-method signature="runScenario(io.cucumber.testng.PickleWrapper,io.cucumber.testng.FeatureWrapper)[pri:0, instance:com.dms.runner.TestRunner@1e66f1f5]" started-at="2023-12-06T23:07:57 IST" name="runScenario" description="Runs Cucumber Scenarios" data-provider="scenarios" finished-at="2023-12-06T23:09:40 IST" duration-ms="103280" status="PASS">
          <params>
            <param index="0">
              <value>
                <![CDATA["BS 75 :  B2C - CGST - CPC - CCP - Extended Warranty -  Scrapage"]]>
              </value>
            </param>
            <param index="1">
              <value>
                <![CDATA["BS"]]>
              </value>
            </param>
          </params>
          <reporter-output>
          </reporter-output>
        </test-method> <!-- runScenario -->
        <test-method signature="runScenario(io.cucumber.testng.PickleWrapper,io.cucumber.testng.FeatureWrapper)[pri:0, instance:com.dms.runner.TestRunner@1e66f1f5]" started-at="2023-12-06T23:09:40 IST" name="runScenario" description="Runs Cucumber Scenarios" data-provider="scenarios" finished-at="2023-12-06T23:11:32 IST" duration-ms="112132" status="PASS">
          <params>
            <param index="0">
              <value>
                <![CDATA["BS 76 :  B2C - CGST - CPC - CCP - Extended Warranty -   Loyalty Bonus Benefits"]]>
              </value>
            </param>
            <param index="1">
              <value>
                <![CDATA["BS"]]>
              </value>
            </param>
          </params>
          <reporter-output>
          </reporter-output>
        </test-method> <!-- runScenario -->
        <test-method signature="runScenario(io.cucumber.testng.PickleWrapper,io.cucumber.testng.FeatureWrapper)[pri:0, instance:com.dms.runner.TestRunner@1e66f1f5]" started-at="2023-12-06T23:11:32 IST" name="runScenario" description="Runs Cucumber Scenarios" data-provider="scenarios" finished-at="2023-12-06T23:12:53 IST" duration-ms="80150" status="PASS">
          <params>
            <param index="0">
              <value>
                <![CDATA["BS 77 :  B2B - CGST - CPC"]]>
              </value>
            </param>
            <param index="1">
              <value>
                <![CDATA["BS"]]>
              </value>
            </param>
          </params>
          <reporter-output>
          </reporter-output>
        </test-method> <!-- runScenario -->
        <test-method signature="runScenario(io.cucumber.testng.PickleWrapper,io.cucumber.testng.FeatureWrapper)[pri:0, instance:com.dms.runner.TestRunner@1e66f1f5]" started-at="2023-12-06T23:12:53 IST" name="runScenario" description="Runs Cucumber Scenarios" data-provider="scenarios" finished-at="2023-12-06T23:14:41 IST" duration-ms="108169" status="PASS">
          <params>
            <param index="0">
              <value>
                <![CDATA["BS 78 :  B2B - CGST - CPC - CCP - Extended Warranty -   Exchange"]]>
              </value>
            </param>
            <param index="1">
              <value>
                <![CDATA["BS"]]>
              </value>
            </param>
          </params>
          <reporter-output>
          </reporter-output>
        </test-method> <!-- runScenario -->
        <test-method signature="runScenario(io.cucumber.testng.PickleWrapper,io.cucumber.testng.FeatureWrapper)[pri:0, instance:com.dms.runner.TestRunner@1e66f1f5]" started-at="2023-12-06T23:14:41 IST" name="runScenario" description="Runs Cucumber Scenarios" data-provider="scenarios" finished-at="2023-12-06T23:16:30 IST" duration-ms="109634" status="PASS">
          <params>
            <param index="0">
              <value>
                <![CDATA["BS 79 :  B2B - CGST - CPC  - Extended Warranty - CCP NoPack - Exchange  - Leasing"]]>
              </value>
            </param>
            <param index="1">
              <value>
                <![CDATA["BS"]]>
              </value>
            </param>
          </params>
          <reporter-output>
          </reporter-output>
        </test-method> <!-- runScenario -->
        <test-method signature="runScenario(io.cucumber.testng.PickleWrapper,io.cucumber.testng.FeatureWrapper)[pri:0, instance:com.dms.runner.TestRunner@1e66f1f5]" started-at="2023-12-06T23:16:30 IST" name="runScenario" description="Runs Cucumber Scenarios" data-provider="scenarios" finished-at="2023-12-06T23:18:18 IST" duration-ms="107556" status="PASS">
          <params>
            <param index="0">
              <value>
                <![CDATA["BS 80 :  B2B - CGST - CPC - CCP -  Exchange  - Finance"]]>
              </value>
            </param>
            <param index="1">
              <value>
                <![CDATA["BS"]]>
              </value>
            </param>
          </params>
          <reporter-output>
          </reporter-output>
        </test-method> <!-- runScenario -->
        <test-method signature="runScenario(io.cucumber.testng.PickleWrapper,io.cucumber.testng.FeatureWrapper)[pri:0, instance:com.dms.runner.TestRunner@1e66f1f5]" started-at="2023-12-06T23:18:18 IST" name="runScenario" description="Runs Cucumber Scenarios" data-provider="scenarios" finished-at="2023-12-06T23:19:45 IST" duration-ms="86583" status="PASS">
          <params>
            <param index="0">
              <value>
                <![CDATA["BS 81 :  B2B - CGST - CPC - Extended Warranty - ccp -  Cash"]]>
              </value>
            </param>
            <param index="1">
              <value>
                <![CDATA["BS"]]>
              </value>
            </param>
          </params>
          <reporter-output>
          </reporter-output>
        </test-method> <!-- runScenario -->
        <test-method signature="runScenario(io.cucumber.testng.PickleWrapper,io.cucumber.testng.FeatureWrapper)[pri:0, instance:com.dms.runner.TestRunner@1e66f1f5]" started-at="2023-12-06T23:19:45 IST" name="runScenario" description="Runs Cucumber Scenarios" data-provider="scenarios" finished-at="2023-12-06T23:21:32 IST" duration-ms="107492" status="PASS">
          <params>
            <param index="0">
              <value>
                <![CDATA["BS 82 :  B2B - CGST - CSD - CPC - Extended Warranty -  Scrapage"]]>
              </value>
            </param>
            <param index="1">
              <value>
                <![CDATA["BS"]]>
              </value>
            </param>
          </params>
          <reporter-output>
          </reporter-output>
        </test-method> <!-- runScenario -->
        <test-method signature="runScenario(io.cucumber.testng.PickleWrapper,io.cucumber.testng.FeatureWrapper)[pri:0, instance:com.dms.runner.TestRunner@1e66f1f5]" started-at="2023-12-06T23:21:32 IST" name="runScenario" description="Runs Cucumber Scenarios" data-provider="scenarios" finished-at="2023-12-06T23:23:24 IST" duration-ms="112201" status="PASS">
          <params>
            <param index="0">
              <value>
                <![CDATA["BS 83 :  B2B - CGST - CPC - CCP - Extended Warranty -   Loyalty Acquistion"]]>
              </value>
            </param>
            <param index="1">
              <value>
[...]
        </test-method> <!-- runScenario -->
        <test-method signature="runScenario(io.cucumber.testng.PickleWrapper,io.cucumber.testng.FeatureWrapper)[pri:0, instance:com.dms.runner.TestRunner@1e66f1f5]" started-at="2023-12-06T23:25:47 IST" name="runScenario" description="Runs Cucumber Scenarios" data-provider="scenarios" finished-at="2023-12-06T23:26:06 IST" duration-ms="19050" status="PASS">
          <params>
            <param index="0">
              <value>
                <![CDATA["BS 87 :  For cancel and booked status Order should not display on UI"]]>
              </value>
            </param>
            <param index="1">
              <value>
                <![CDATA["BS"]]>
              </value>
            </param>
          </params>
          <reporter-output>
          </reporter-output>
        </test-method> <!-- runScenario -->
        <test-method signature="runScenario(io.cucumber.testng.PickleWrapper,io.cucumber.testng.FeatureWrapper)[pri:0, instance:com.dms.runner.TestRunner@1e66f1f5]" started-at="2023-12-06T23:26:06 IST" name="runScenario" description="Runs Cucumber Scenarios" data-provider="scenarios" finished-at="2023-12-06T23:27:26 IST" duration-ms="79397" status="PASS">
          <params>
            <param index="0">
              <value>
                <![CDATA["BS 88 :  B2B - IGST - BSF"]]>
              </value>
            </param>
            <param index="1">
              <value>
                <![CDATA["BS"]]>
              </value>
            </param>
          </params>
          <reporter-output>
          </reporter-output>
        </test-method> <!-- runScenario -->
        <test-method signature="runScenario(io.cucumber.testng.PickleWrapper,io.cucumber.testng.FeatureWrapper)[pri:0, instance:com.dms.runner.TestRunner@1e66f1f5]" started-at="2023-12-06T23:27:26 IST" name="runScenario" description="Runs Cucumber Scenarios" data-provider="scenarios" finished-at="2023-12-06T23:29:13 IST" duration-ms="107608" status="PASS">
          <params>
            <param index="0">
              <value>
                <![CDATA["BS 89 :  B2B - IGST - BSF - CCP - Extended Warranty -   Exchange"]]>
              </value>
            </param>
            <param index="1">
              <value>
                <![CDATA["BS"]]>
              </value>
            </param>
          </params>
          <reporter-output>
          </reporter-output>
        </test-method> <!-- runScenario -->
        <test-method signature="runScenario(io.cucumber.testng.PickleWrapper,io.cucumber.testng.FeatureWrapper)[pri:0, instance:com.dms.runner.TestRunner@1e66f1f5]" started-at="2023-12-06T23:29:13 IST" name="runScenario" description="Runs Cucumber Scenarios" data-provider="scenarios" finished-at="2023-12-06T23:31:03 IST" duration-ms="109906" status="PASS">
          <params>
            <param index="0">
              <value>
                <![CDATA["BS 90 :  B2B - IGST - BSF  - Extended Warranty - CCP NoPack - Exchange  - Leasing"]]>
              </value>
            </param>
            <param index="1">
              <value>
                <![CDATA["BS"]]>
              </value>
            </param>
          </params>
          <reporter-output>
          </reporter-output>
        </test-method> <!-- runScenario -->
        <test-method signature="runScenario(io.cucumber.testng.PickleWrapper,io.cucumber.testng.FeatureWrapper)[pri:0, instance:com.dms.runner.TestRunner@1e66f1f5]" started-at="2023-12-06T23:31:03 IST" name="runScenario" description="Runs Cucumber Scenarios" data-provider="scenarios" finished-at="2023-12-06T23:32:50 IST" duration-ms="106846" status="PASS">
          <params>
            <param index="0">
              <value>
                <![CDATA["BS 91 :  B2B - IGST - BSF - CCP -  Exchange  - Finance"]]>
              </value>
            </param>
            <param index="1">
              <value>
                <![CDATA["BS"]]>
              </value>
            </param>
          </params>
          <reporter-output>
          </reporter-output>
        </test-method> <!-- runScenario -->
        <test-method signature="runScenario(io.cucumber.testng.PickleWrapper,io.cucumber.testng.FeatureWrapper)[pri:0, instance:com.dms.runner.TestRunner@1e66f1f5]" started-at="2023-12-06T23:32:50 IST" name="runScenario" description="Runs Cucumber Scenarios" data-provider="scenarios" finished-at="2023-12-06T23:34:23 IST" duration-ms="93534" status="PASS">
          <params>
            <param index="0">
              <value>
                <![CDATA["BS 92 :  B2B - IGST - BSF - Extended Warranty - ccp-  Cash"]]>
              </value>
            </param>
            <param index="1">
              <value>
                <![CDATA["BS"]]>
              </value>
            </param>
          </params>
          <reporter-output>
          </reporter-output>
        </test-method> <!-- runScenario -->
        <test-method signature="runScenario(io.cucumber.testng.PickleWrapper,io.cucumber.testng.FeatureWrapper)[pri:0, instance:com.dms.runner.TestRunner@1e66f1f5]" started-at="2023-12-06T23:34:23 IST" name="runScenario" description="Runs Cucumber Scenarios" data-provider="scenarios" finished-at="2023-12-06T23:36:06 IST" duration-ms="102313" status="PASS">
          <params>
            <param index="0">
              <value>
                <![CDATA["BS 93 :  B2B - IGST - BSF - CCP - Extended Warranty -  Scrapage"]]>
              </value>
            </param>
            <param index="1">
              <value>
                <![CDATA["BS"]]>
              </value>
            </param>
          </params>
          <reporter-output>
          </reporter-output>
        </test-method> <!-- runScenario -->
        <test-method signature="runScenario(io.cucumber.testng.PickleWrapper,io.cucumber.testng.FeatureWrapper)[pri:0, instance:com.dms.runner.TestRunner@1e66f1f5]" started-at="2023-12-06T23:36:06 IST" name="runScenario" description="Runs Cucumber Scenarios" data-provider="scenarios" finished-at="2023-12-06T23:37:57 IST" duration-ms="111715" status="PASS">
          <params>
            <param index="0">
              <value>
                <![CDATA["BS 94 :  B2B - IGST - BSF - CCP - Extended Warranty -   Loyalty Acquistion"]]>
              </value>
            </param>
            <param index="1">
              <value>
                <![CDATA["BS"]]>
              </value>
            </param>
          </params>
          <reporter-output>
          </reporter-output>
        </test-method> <!-- runScenario -->
        <test-method signature="runScenario(io.cucumber.testng.PickleWrapper,io.cucumber.testng.FeatureWrapper)[pri:0, instance:com.dms.runner.TestRunner@1e66f1f5]" started-at="2023-12-06T23:37:57 IST" name="runScenario" description="Runs Cucumber Scenarios" data-provider="scenarios" finished-at="2023-12-06T23:39:22 IST" duration-ms="84314" status="PASS">
          <params>
            <param index="0">
              <value>
                <![CDATA["BS 95 :  B2C - IGST - BSF"]]>
              </value>
            </param>
            <param index="1">
              <value>
                <![CDATA["BS"]]>
              </value>
            </param>
          </params>
          <reporter-output>
          </reporter-output>
        </test-method> <!-- runScenario -->
        <test-method signature="runScenario(io.cucumber.testng.PickleWrapper,io.cucumber.testng.FeatureWrapper)[pri:0, instance:com.dms.runner.TestRunner@1e66f1f5]" started-at="2023-12-06T23:39:22 IST" name="runScenario" description="Runs Cucumber Scenarios" data-provider="scenarios" finished-at="2023-12-06T23:41:09 IST" duration-ms="106978" status="PASS">
          <params>
            <param index="0">
              <value>
                <![CDATA["BS 96 :  B2C - IGST - BSF - CCP - Extended Warranty -  Exchange"]]>
              </value>
            </param>
            <param index="1">
              <value>
                <![CDATA["BS"]]>
              </value>
            </param>
          </params>
          <reporter-output>
          </reporter-output>
        </test-method> <!-- runScenario -->
        <test-method signature="runScenario(io.cucumber.testng.PickleWrapper,io.cucumber.testng.FeatureWrapper)[pri:0, instance:com.dms.runner.TestRunner@1e66f1f5]" started-at="2023-12-06T23:41:09 IST" name="runScenario" description="Runs Cucumber Scenarios" data-provider="scenarios" finished-at="2023-12-06T23:42:59 IST" duration-ms="110589" status="PASS">
          <params>
            <param index="0">
              <value>
                <![CDATA["BS 97 :  B2C - IGST - BSF  - Extended Warranty -ccp No Pckg -  Exchange  - Leasing"]]>
              </value>
            </param>
            <param index="1">
              <value>
                <![CDATA["BS"]]>
              </value>
            </param>
          </params>
          <reporter-output>
          </reporter-output>
        </test-method> <!-- runScenario -->
        <test-method signature="runScenario(io.cucumber.testng.PickleWrapper,io.cucumber.testng.FeatureWrapper)[pri:0, instance:com.dms.runner.TestRunner@1e66f1f5]" started-at="2023-12-06T23:42:59 IST" name="runScenario" description="Runs Cucumber Scenarios" data-provider="scenarios" finished-at="2023-12-06T23:44:46 IST" duration-ms="106379" status="PASS">
          <params>
            <param index="0">
              <value>
                <![CDATA["BS 98:  B2C - IGST - BSF - CCP -  Exchange  - Finance"]]>
              </value>
            </param>
            <param index="1">
              <value>
                <![CDATA["BS"]]>
              </value>
            </param>
          </params>
          <reporter-output>
          </reporter-output>
        </test-method> <!-- runScenario -->
        <test-method signature="runScenario(io.cucumber.testng.PickleWrapper,io.cucumber.testng.FeatureWrapper)[pri:0, instance:com.dms.runner.TestRunner@1e66f1f5]" started-at="2023-12-06T23:44:46 IST" name="runScenario" description="Runs Cucumber Scenarios" data-provider="scenarios" finished-at="2023-12-06T23:46:13 IST" duration-ms="86909" status="PASS">
          <params>
            <param index="0">
              <value>
                <![CDATA["BS 99 :  B2C - IGST - BSF - Extended Warranty - ccp-- Cash"]]>
              </value>
            </param>
            <param index="1">
              <value>
                <![CDATA["BS"]]>
              </value>
            </param>
          </params>
          <reporter-output>
          </reporter-output>
        </test-method> <!-- runScenario -->
        <test-method signature="runScenario(io.cucumber.testng.PickleWrapper,io.cucumber.testng.FeatureWrapper)[pri:0, instance:com.dms.runner.TestRunner@1e66f1f5]" started-at="2023-12-06T23:46:13 IST" name="runScenario" description="Runs Cucumber Scenarios" data-provider="scenarios" finished-at="2023-12-06T23:48:04 IST" duration-ms="111558" status="PASS">
          <params>
            <param index="0">
              <value>
                <![CDATA["BS 100 :  B2C - IGST - BSF - CCP - Extended Warranty -  Scrapage"]]>
              </value>
            </param>
            <param index="1">
              <value>
                <![CDATA["BS"]]>
              </value>
            </param>
          </params>
          <reporter-output>
          </reporter-output>
        </test-method> <!-- runScenario -->
        <test-method signature="runScenario(io.cucumber.testng.PickleWrapper,io.cucumber.testng.FeatureWrapper)[pri:0, instance:com.dms.runner.TestRunner@1e66f1f5]" started-at="2023-12-06T23:48:04 IST" name="runScenario" description="Runs Cucumber Scenarios" data-provider="scenarios" finished-at="2023-12-06T23:49:54 IST" duration-ms="109966" status="PASS">
          <params>
            <param index="0">
              <value>
                <![CDATA["BS 101 :  B2C - IGST - BSF - CCP - Extended Warranty -   Loyalty Bonus Benefits"]]>
              </value>
            </param>
            <param index="1">
              <value>
                <![CDATA["BS"]]>
              </value>
            </param>
          </params>
          <reporter-output>
          </reporter-output>
        </test-method> <!-- runScenario -->
        <test-method is-config="true" signature="tearDownClass()[pri:0, instance:com.dms.runner.TestRunner@1e66f1f5]" started-at="2023-12-06T23:49:54 IST" name="tearDownClass" finished-at="2023-12-06T23:49:55 IST" duration-ms="940" status="FAIL">
          <exception class="com.google.gson.JsonIOException">
            <message>
              <![CDATA[Failed making field 'java.lang.Throwable#detailMessage' accessible; either increase its visibility or write a custom TypeAdapter for its declaring type.]]>
            </message>
            <full-stacktrace>
              <![CDATA[com.google.gson.JsonIOException: Failed making field 'java.lang.Throwable#detailMessage' accessible; either increase its visibility or write a custom TypeAdapter for its declaring type.
at com.google.gson.internal.reflect.ReflectionHelper.makeAccessible(ReflectionHelper.java:38)
at com.google.gson.internal.bind.ReflectiveTypeAdapterFactory.getBoundFields(ReflectiveTypeAdapterFactory.java:286)
at com.google.gson.internal.bind.ReflectiveTypeAdapterFactory.create(ReflectiveTypeAdapterFactory.java:130)
at com.google.gson.Gson.getAdapter(Gson.java:556)
at com.google.gson.internal.bind.ReflectiveTypeAdapterFactory.createBoundField(ReflectiveTypeAdapterFactory.java:160)
at com.google.gson.internal.bind.ReflectiveTypeAdapterFactory.getBoundFields(ReflectiveTypeAdapterFactory.java:294)
at com.google.gson.internal.bind.ReflectiveTypeAdapterFactory.create(ReflectiveTypeAdapterFactory.java:130)
at com.google.gson.Gson.getAdapter(Gson.java:556)
at com.google.gson.internal.bind.ReflectiveTypeAdapterFactory.createBoundField(ReflectiveTypeAdapterFactory.java:160)
at com.google.gson.internal.bind.ReflectiveTypeAdapterFactory.getBoundFields(ReflectiveTypeAdapterFactory.java:294)
at com.google.gson.internal.bind.ReflectiveTypeAdapterFactory.create(ReflectiveTypeAdapterFactory.java:130)
at com.google.gson.Gson.getAdapter(Gson.java:556)
at com.google.gson.internal.bind.CollectionTypeAdapterFactory.create(CollectionTypeAdapterFactory.java:53)
at com.google.gson.Gson.getAdapter(Gson.java:556)
at com.google.gson.internal.bind.ReflectiveTypeAdapterFactory.createBoundField(ReflectiveTypeAdapterFactory.java:160)
at com.google.gson.internal.bind.ReflectiveTypeAdapterFactory.getBoundFields(ReflectiveTypeAdapterFactory.java:294)
at com.google.gson.internal.bind.ReflectiveTypeAdapterFactory.create(ReflectiveTypeAdapterFactory.java:130)
at com.google.gson.Gson.getAdapter(Gson.java:556)
at com.google.gson.internal.bind.TypeAdapterRuntimeTypeWrapper.write(TypeAdapterRuntimeTypeWrapper.java:55)
at com.google.gson.internal.bind.CollectionTypeAdapterFactory$Adapter.write(CollectionTypeAdapterFactory.java:97)
at com.google.gson.internal.bind.CollectionTypeAdapterFactory$Adapter.write(CollectionTypeAdapterFactory.java:61)
at com.google.gson.Gson.toJson(Gson.java:842)
at com.google.gson.Gson.toJson(Gson.java:812)
at com.google.gson.Gson.toJson(Gson.java:783)
at com.aventstack.extentreports.reporter.JsonFormatter.flush(JsonFormatter.java:57)
at com.aventstack.extentreports.reporter.JsonFormatter.access$000(JsonFormatter.java:17)
at com.aventstack.extentreports.reporter.JsonFormatter$1.onNext(JsonFormatter.java:37)
at com.aventstack.extentreports.reporter.JsonFormatter$1.onNext(JsonFormatter.java:30)
at io.reactivex.rxjava3.subjects.PublishSubject$PublishDisposable.onNext(PublishSubject.java:310)
at io.reactivex.rxjava3.subjects.PublishSubject.onNext(PublishSubject.java:226)
at com.aventstack.extentreports.ReactiveSubject.onFlush(ReactiveSubject.java:83)
at com.aventstack.extentreports.AbstractProcessor.onFlush(AbstractProcessor.java:85)
at com.aventstack.extentreports.ExtentReports.flush(ExtentReports.java:279)
at com.aventstack.extentreports.cucumber.adapter.ExtentCucumberAdapter.finishReport(ExtentCucumberAdapter.java:301)
at com.aventstack.extentreports.cucumber.adapter.ExtentCucumberAdapter.access$600(ExtentCucumberAdapter.java:63)
at com.aventstack.extentreports.cucumber.adapter.ExtentCucumberAdapter$8.receive(ExtentCucumberAdapter.java:137)
at com.aventstack.extentreports.cucumber.adapter.ExtentCucumberAdapter$8.receive(ExtentCucumberAdapter.java:134)
at io.cucumber.core.eventbus.AbstractEventPublisher.send(AbstractEventPublisher.java:51)
at io.cucumber.core.eventbus.AbstractEventBus.send(AbstractEventBus.java:12)
at io.cucumber.core.runtime.SynchronizedEventBus.send(SynchronizedEventBus.java:47)
at io.cucumber.core.runtime.CucumberExecutionContext.emitTestRunFinished(CucumberExecutionContext.java:111)
at io.cucumber.core.runtime.CucumberExecutionContext.finishTestRun(CucumberExecutionContext.java:98)
at io.cucumber.testng.TestNGCucumberRunner.finish(TestNGCucumberRunner.java:145)
at io.cucumber.testng.AbstractTestNGCucumberTests.tearDownClass(AbstractTestNGCucumberTests.java:57)
at java.base/jdk.internal.reflect.NativeMethodAccessorImpl.invoke0(Native Method)
at java.base/jdk.internal.reflect.NativeMethodAccessorImpl.invoke(NativeMethodAccessorImpl.java:77)
at java.base/jdk.internal.reflect.DelegatingMethodAccessorImpl.invoke(DelegatingMethodAccessorImpl.java:43)
at java.base/java.lang.reflect.Method.invoke(Method.java:568)
at org.testng.internal.invokers.MethodInvocationHelper.invokeMethod(MethodInvocationHelper.java:135)
at org.testng.internal.invokers.MethodInvocationHelper.invokeMethodConsideringTimeout(MethodInvocationHelper.java:65)
at org.testng.internal.invokers.ConfigInvoker.invokeConfigurationMethod(ConfigInvoker.java:381)
at org.testng.internal.invokers.ConfigInvoker.invokeConfigurations(ConfigInvoker.java:319)
at org.testng.internal.invokers.TestMethodWorker.invokeAfterClassMethods(TestMethodWorker.java:220)
at org.testng.internal.invokers.TestMethodWorker.run(TestMethodWorker.java:130)
at java.base/java.util.ArrayList.forEach(ArrayList.java:1511)
at org.testng.TestRunner.privateRun(TestRunner.java:808)
at org.testng.TestRunner.run(TestRunner.java:603)
at org.testng.SuiteRunner.runTest(SuiteRunner.java:429)
at org.testng.SuiteRunner.runSequentially(SuiteRunner.java:423)
at org.testng.SuiteRunner.privateRun(SuiteRunner.java:383)
at org.testng.SuiteRunner.run(SuiteRunner.java:326)
at org.testng.SuiteRunnerWorker.runSuite(SuiteRunnerWorker.java:52)
at org.testng.SuiteRunnerWorker.run(SuiteRunnerWorker.java:95)
at org.testng.TestNG.runSuitesSequentially(TestNG.java:1249)
at org.testng.TestNG.runSuitesLocally(TestNG.java:1169)
at org.testng.TestNG.runSuites(TestNG.java:1092)
at org.testng.TestNG.run(TestNG.java:1060)
at org.testng.remote.AbstractRemoteTestNG.run(AbstractRemoteTestNG.java:115)
at org.testng.remote.RemoteTestNG.initAndRun(RemoteTestNG.java:251)
at org.testng.remote.RemoteTestNG.main(RemoteTestNG.java:77)
Caused by: java.lang.reflect.InaccessibleObjectException: Unable to make field private java.lang.String java.lang.Throwable.detailMessage accessible: module java.base does not "opens java.lang" to unnamed module @51016012
at java.base/java.lang.reflect.AccessibleObject.checkCanSetAccessible(AccessibleObject.java:354)
at java.base/java.lang.reflect.AccessibleObject.checkCanSetAccessible(AccessibleObject.java:297)
at java.base/java.lang.reflect.Field.checkCanSetAccessible(Field.java:178)
at java.base/java.lang.reflect.Field.setAccessible(Field.java:172)
at com.google.gson.internal.reflect.ReflectionHelper.makeAccessible(ReflectionHelper.java:35)
... 69 more
]]>
            </full-stacktrace>
          </exception> <!-- com.google.gson.JsonIOException -->
          <reporter-output>
          </reporter-output>
        </test-method> <!-- tearDownClass -->
      </class> <!-- com.dms.runner.TestRunner -->
    </test> <!-- Cucumber UI with TestNG Test -->
  </suite> <!-- Suite -->
</testng-results>
